#
# There is insufficient memory for the Java Runtime Environment to continue.
# Native memory allocation (malloc) failed to allocate 1873616 bytes for Chunk::new
# Possible reasons:
#   The system is out of physical RAM or swap space
#   The process is running with CompressedOops enabled, and the Java Heap may be blocking the growth of the native heap
# Possible solutions:
#   Reduce memory load on the system
#   Increase physical memory or swap space
#   Check if swap backing store is full
#   Decrease Java heap size (-Xmx/-Xms)
#   Decrease number of Java threads
#   Decrease Java thread stack sizes (-Xss)
#   Set larger code cache with -XX:ReservedCodeCacheSize=
#   JVM is running with Unscaled Compressed Oops mode in which the Java heap is
#     placed in the first 4GB address space. The Java Heap base address is the
#     maximum limit for the native heap growth. Please use -XX:HeapBaseMinAddress
#     to set the Java Heap base and to place the Java Heap above 4GB virtual address.
# This output file may be truncated or incomplete.
#
#  Out of Memory Error (./src/hotspot/share/memory/arena.cpp:197), pid=24636, tid=29040
#
# JRE version: OpenJDK Runtime Environment (11.0.10) (build 11.0.10+0-b96-7249189)
# Java VM: OpenJDK 64-Bit Server VM (11.0.10+0-b96-7249189, mixed mode, tiered, compressed oops, g1 gc, windows-amd64)
# No core dump will be written. Minidumps are not enabled by default on client versions of Windows
#

---------------  S U M M A R Y ------------

Command Line: --add-opens=java.base/java.util=ALL-UNNAMED --add-opens=java.base/java.lang=ALL-UNNAMED --add-opens=java.base/java.lang.invoke=ALL-UNNAMED --add-opens=java.base/java.util=ALL-UNNAMED --add-opens=java.prefs/java.util.prefs=ALL-UNNAMED --add-opens=java.prefs/java.util.prefs=ALL-UNNAMED --add-opens=java.base/java.nio.charset=ALL-UNNAMED --add-opens=java.base/java.net=ALL-UNNAMED --add-opens=java.base/java.util.concurrent.atomic=ALL-UNNAMED -Xmx2048m -Dfile.encoding=UTF-8 -Duser.country=US -Duser.language=en -Duser.variant org.gradle.launcher.daemon.bootstrap.GradleDaemon 7.0.2

Host: Intel(R) Core(TM) i7-10610U CPU @ 1.80GHz, 8 cores, 15G,  Windows 10 , 64 bit Build 19041 (10.0.19041.1348)
Time: Thu Dec  9 11:52:41 2021 Eastern Standard Time elapsed time: 27.381044 seconds (0d 0h 0m 27s)

---------------  T H R E A D  ---------------

Current thread (0x00000295d16d2000):  JavaThread "C2 CompilerThread0" daemon [_thread_in_native, id=29040, stack(0x000000bc36c00000,0x000000bc36d00000)]


Current CompileTask:
C2:  27381 14503 %     4       com.android.tools.r8.ir.regalloc.a::a @ 1542 (1824 bytes)

Stack: [0x000000bc36c00000,0x000000bc36d00000]
Native frames: (J=compiled Java code, j=interpreted, Vv=VM code, C=native code)
V  [jvm.dll+0x5ecfaa]
V  [jvm.dll+0x722bd5]
V  [jvm.dll+0x72412d]
V  [jvm.dll+0x7247e3]
V  [jvm.dll+0x242928]
V  [jvm.dll+0xbc4fc]
V  [jvm.dll+0xbca0c]
V  [jvm.dll+0x352d7d]
V  [jvm.dll+0x19800c]
V  [jvm.dll+0x1fb70e]
V  [jvm.dll+0x1fa7f4]
V  [jvm.dll+0x18354c]
V  [jvm.dll+0x208ee7]
V  [jvm.dll+0x207731]
V  [jvm.dll+0x6eb1cf]
V  [jvm.dll+0x6e3d45]
V  [jvm.dll+0x5ebe96]
C  [ucrtbase.dll+0x21bb2]
C  [KERNEL32.DLL+0x17034]
C  [ntdll.dll+0x52651]


---------------  P R O C E S S  ---------------

Threads class SMR info:
_java_thread_list=0x00000295d8e56d90, length=61, elements={
0x00000295b6198000, 0x00000295d166f800, 0x00000295d1671000, 0x00000295d16c9800,
0x00000295d16ca800, 0x00000295d16cd000, 0x00000295d16d2000, 0x00000295d16ed800,
0x00000295d1719000, 0x00000295d184d000, 0x00000295d184a800, 0x00000295d184c800,
0x00000295d1849000, 0x00000295d184e000, 0x00000295d184f000, 0x00000295d184f800,
0x00000295d184a000, 0x00000295d184b800, 0x00000295d3f9a000, 0x00000295d3f9b000,
0x00000295d3f9b800, 0x00000295d3f99000, 0x00000295d3f98800, 0x00000295d3f96000,
0x00000295d4f7c800, 0x00000295d3f96800, 0x00000295d3f9c800, 0x00000295d3f9d000,
0x00000295d3f97800, 0x00000295d3f9f000, 0x00000295d3fa3800, 0x00000295d3f9f800,
0x00000295d3fa4800, 0x00000295d3fa3000, 0x00000295d3fa2000, 0x00000295d3fa1800,
0x00000295d3e07800, 0x00000295d3e08000, 0x00000295d3e05000, 0x00000295d3e03800,
0x00000295d3e02800, 0x00000295d3e0a000, 0x00000295d3e09000, 0x00000295d3e04000,
0x00000295d3e0a800, 0x00000295d3e0b800, 0x00000295d3e06000, 0x00000295d3e06800,
0x00000295d3e0e800, 0x00000295d3e0e000, 0x00000295d3e0f800, 0x00000295d3e0d000,
0x00000295d3e11000, 0x00000295d3e0c800, 0x00000295d878f000, 0x00000295d8790800,
0x00000295d878f800, 0x00000295d878b800, 0x00000295d878e000, 0x00000295d8791800,
0x00000295d2e3f000
}

Java Threads: ( => current thread )
  0x00000295b6198000 JavaThread "main" [_thread_blocked, id=5764, stack(0x000000bc35f00000,0x000000bc36000000)]
  0x00000295d166f800 JavaThread "Reference Handler" daemon [_thread_blocked, id=26816, stack(0x000000bc36700000,0x000000bc36800000)]
  0x00000295d1671000 JavaThread "Finalizer" daemon [_thread_blocked, id=40792, stack(0x000000bc36800000,0x000000bc36900000)]
  0x00000295d16c9800 JavaThread "Signal Dispatcher" daemon [_thread_blocked, id=28888, stack(0x000000bc36900000,0x000000bc36a00000)]
  0x00000295d16ca800 JavaThread "Attach Listener" daemon [_thread_blocked, id=39984, stack(0x000000bc36a00000,0x000000bc36b00000)]
  0x00000295d16cd000 JavaThread "Service Thread" daemon [_thread_blocked, id=29788, stack(0x000000bc36b00000,0x000000bc36c00000)]
=>0x00000295d16d2000 JavaThread "C2 CompilerThread0" daemon [_thread_in_native, id=29040, stack(0x000000bc36c00000,0x000000bc36d00000)]
  0x00000295d16ed800 JavaThread "C1 CompilerThread0" daemon [_thread_blocked, id=4224, stack(0x000000bc36d00000,0x000000bc36e00000)]
  0x00000295d1719000 JavaThread "Sweeper thread" daemon [_thread_blocked, id=21408, stack(0x000000bc36e00000,0x000000bc36f00000)]
  0x00000295d184d000 JavaThread "Common-Cleaner" daemon [_thread_blocked, id=33720, stack(0x000000bc36f00000,0x000000bc37000000)]
  0x00000295d184a800 JavaThread "Daemon health stats" [_thread_blocked, id=39968, stack(0x000000bc37700000,0x000000bc37800000)]
  0x00000295d184c800 JavaThread "Incoming local TCP Connector on port 56796" [_thread_in_native, id=33856, stack(0x000000bc37100000,0x000000bc37200000)]
  0x00000295d1849000 JavaThread "Daemon periodic checks" [_thread_blocked, id=5060, stack(0x000000bc37800000,0x000000bc37900000)]
  0x00000295d184e000 JavaThread "Daemon" [_thread_blocked, id=35172, stack(0x000000bc37900000,0x000000bc37a00000)]
  0x00000295d184f000 JavaThread "Handler for socket connection from /127.0.0.1:56796 to /127.0.0.1:56797" [_thread_in_native, id=28872, stack(0x000000bc37a00000,0x000000bc37b00000)]
  0x00000295d184f800 JavaThread "Cancel handler" [_thread_blocked, id=38928, stack(0x000000bc37c00000,0x000000bc37d00000)]
  0x00000295d184a000 JavaThread "Daemon worker" [_thread_blocked, id=29016, stack(0x000000bc37d00000,0x000000bc37e00000)]
  0x00000295d184b800 JavaThread "Asynchronous log dispatcher for DefaultDaemonConnection: socket connection from /127.0.0.1:56796 to /127.0.0.1:56797" [_thread_blocked, id=37212, stack(0x000000bc37e00000,0x000000bc37f00000)]
  0x00000295d3f9a000 JavaThread "Stdin handler" [_thread_blocked, id=24084, stack(0x000000bc37f00000,0x000000bc38000000)]
  0x00000295d3f9b000 JavaThread "Daemon client event forwarder" [_thread_blocked, id=36104, stack(0x000000bc38000000,0x000000bc38100000)]
  0x00000295d3f9b800 JavaThread "Cache worker for file hash cache (C:\Users\iesha\.gradle\caches\7.0.2\fileHashes)" [_thread_blocked, id=40676, stack(0x000000bc38100000,0x000000bc38200000)]
  0x00000295d3f99000 JavaThread "File lock request listener" [_thread_in_native, id=17812, stack(0x000000bc38200000,0x000000bc38300000)]
  0x00000295d3f98800 JavaThread "Cache worker for journal cache (C:\Users\iesha\.gradle\caches\journal-1)" [_thread_blocked, id=25512, stack(0x000000bc38600000,0x000000bc38700000)]
  0x00000295d3f96000 JavaThread "Cache worker for file hash cache (C:\Users\iesha\AndroidStudioProjects\DoggieOfTheDay\.gradle\7.0.2\fileHashes)" [_thread_blocked, id=25180, stack(0x000000bc37b00000,0x000000bc37c00000)]
  0x00000295d4f7c800 JavaThread "C2 CompilerThread1" daemon [_thread_in_native, id=17936, stack(0x000000bc38700000,0x000000bc38800000)]
  0x00000295d3f96800 JavaThread "File watcher server" daemon [_thread_blocked, id=23644, stack(0x000000bc38800000,0x000000bc38900000)]
  0x00000295d3f9c800 JavaThread "File watcher consumer" daemon [_thread_blocked, id=25980, stack(0x000000bc38900000,0x000000bc38a00000)]
  0x00000295d3f9d000 JavaThread "Cache worker for checksums cache (C:\Users\iesha\AndroidStudioProjects\DoggieOfTheDay\.gradle\checksums)" [_thread_blocked, id=30576, stack(0x000000bc38a00000,0x000000bc38b00000)]
  0x00000295d3f97800 JavaThread "Cache worker for cache directory md-supplier (C:\Users\iesha\.gradle\caches\7.0.2\md-supplier)" [_thread_blocked, id=5076, stack(0x000000bc38b00000,0x000000bc38c00000)]
  0x00000295d3f9f000 JavaThread "Cache worker for cache directory md-rule (C:\Users\iesha\.gradle\caches\7.0.2\md-rule)" [_thread_blocked, id=31564, stack(0x000000bc38d00000,0x000000bc38e00000)]
  0x00000295d3fa3800 JavaThread "Cache worker for execution history cache (C:\Users\iesha\.gradle\caches\7.0.2\executionHistory)" [_thread_blocked, id=6600, stack(0x000000bc38e00000,0x000000bc38f00000)]
  0x00000295d3f9f800 JavaThread "jar transforms" [_thread_blocked, id=36072, stack(0x000000bc38f00000,0x000000bc39000000)]
  0x00000295d3fa4800 JavaThread "jar transforms Thread 2" [_thread_blocked, id=20540, stack(0x000000bc39000000,0x000000bc39100000)]
  0x00000295d3fa3000 JavaThread "Cache worker for file content cache (C:\Users\iesha\.gradle\caches\7.0.2\fileContent)" [_thread_blocked, id=33512, stack(0x000000bc39100000,0x000000bc39200000)]
  0x00000295d3fa2000 JavaThread "Cache worker for dependencies-accessors (C:\Users\iesha\AndroidStudioProjects\DoggieOfTheDay\.gradle\7.0.2\dependencies-accessors)" [_thread_blocked, id=29220, stack(0x000000bc39200000,0x000000bc39300000)]
  0x00000295d3fa1800 JavaThread "jar transforms Thread 3" [_thread_blocked, id=37496, stack(0x000000bc38c00000,0x000000bc38d00000)]
  0x00000295d3e07800 JavaThread "Cache worker for Build Output Cleanup Cache (C:\Users\iesha\AndroidStudioProjects\DoggieOfTheDay\.gradle\buildOutputCleanup)" [_thread_blocked, id=21044, stack(0x000000bc39400000,0x000000bc39500000)]
  0x00000295d3e08000 JavaThread "Build operations" [_thread_blocked, id=19804, stack(0x000000bc39300000,0x000000bc39400000)]
  0x00000295d3e05000 JavaThread "Build operations Thread 2" [_thread_in_Java, id=33240, stack(0x000000bc39500000,0x000000bc39600000)]
  0x00000295d3e03800 JavaThread "Build operations Thread 3" [_thread_blocked, id=20588, stack(0x000000bc39600000,0x000000bc39700000)]
  0x00000295d3e02800 JavaThread "Build operations Thread 4" [_thread_in_Java, id=37896, stack(0x000000bc39700000,0x000000bc39800000)]
  0x00000295d3e0a000 JavaThread "Build operations Thread 5" [_thread_blocked, id=32264, stack(0x000000bc39800000,0x000000bc39900000)]
  0x00000295d3e09000 JavaThread "Build operations Thread 6" [_thread_blocked, id=16008, stack(0x000000bc39900000,0x000000bc39a00000)]
  0x00000295d3e04000 JavaThread "Build operations Thread 7" [_thread_blocked, id=26680, stack(0x000000bc39a00000,0x000000bc39b00000)]
  0x00000295d3e0a800 JavaThread "Build operations Thread 8" [_thread_blocked, id=23456, stack(0x000000bc39b00000,0x000000bc39c00000)]
  0x00000295d3e0b800 JavaThread "jar transforms Thread 4" [_thread_blocked, id=39284, stack(0x000000bc39d00000,0x000000bc39e00000)]
  0x00000295d3e06000 JavaThread "jar transforms Thread 5" [_thread_blocked, id=25248, stack(0x000000bc39e00000,0x000000bc39f00000)]
  0x00000295d3e06800 JavaThread "jar transforms Thread 6" [_thread_blocked, id=25860, stack(0x000000bc39f00000,0x000000bc3a000000)]
  0x00000295d3e0e800 JavaThread "jar transforms Thread 7" [_thread_blocked, id=22532, stack(0x000000bc3a000000,0x000000bc3a100000)]
  0x00000295d3e0e000 JavaThread "jar transforms Thread 8" [_thread_blocked, id=23360, stack(0x000000bc3a100000,0x000000bc3a200000)]
  0x00000295d3e0f800 JavaThread "Memory manager" [_thread_blocked, id=38136, stack(0x000000bc3a200000,0x000000bc3a300000)]
  0x00000295d3e0d000 JavaThread "build event listener" [_thread_blocked, id=11196, stack(0x000000bc3a300000,0x000000bc3a400000)]
  0x00000295d3e11000 JavaThread "Execution worker for ':'" [_thread_blocked, id=34636, stack(0x000000bc3a400000,0x000000bc3a500000)]
  0x00000295d3e0c800 JavaThread "Execution worker for ':' Thread 2" [_thread_blocked, id=22492, stack(0x000000bc3a500000,0x000000bc3a600000)]
  0x00000295d878f000 JavaThread "Execution worker for ':' Thread 3" [_thread_blocked, id=8364, stack(0x000000bc3a600000,0x000000bc3a700000)]
  0x00000295d8790800 JavaThread "Execution worker for ':' Thread 4" [_thread_blocked, id=24140, stack(0x000000bc3a700000,0x000000bc3a800000)]
  0x00000295d878f800 JavaThread "Execution worker for ':' Thread 5" [_thread_blocked, id=12084, stack(0x000000bc3a800000,0x000000bc3a900000)]
  0x00000295d878b800 JavaThread "Execution worker for ':' Thread 6" [_thread_blocked, id=26400, stack(0x000000bc3a900000,0x000000bc3aa00000)]
  0x00000295d878e000 JavaThread "Execution worker for ':' Thread 7" [_thread_blocked, id=23032, stack(0x000000bc3aa00000,0x000000bc3ab00000)]
  0x00000295d8791800 JavaThread "Cache worker for execution history cache (C:\Users\iesha\AndroidStudioProjects\DoggieOfTheDay\.gradle\7.0.2\executionHistory)" [_thread_blocked, id=40380, stack(0x000000bc3ab00000,0x000000bc3ac00000)]
  0x00000295d2e3f000 JavaThread "C2 CompilerThread2" daemon [_thread_in_native, id=39896, stack(0x000000bc39c00000,0x000000bc39d00000)]

Other Threads:
  0x00000295d166a800 VMThread "VM Thread" [stack: 0x000000bc36600000,0x000000bc36700000] [id=34568]
  0x00000295d185d000 WatcherThread [stack: 0x000000bc37000000,0x000000bc37100000] [id=3052]
  0x00000295b61b2800 GCTaskThread "GC Thread#0" [stack: 0x000000bc36100000,0x000000bc36200000] [id=39836]
  0x00000295d1e7e800 GCTaskThread "GC Thread#1" [stack: 0x000000bc37200000,0x000000bc37300000] [id=26888]
  0x00000295d24b7000 GCTaskThread "GC Thread#2" [stack: 0x000000bc37300000,0x000000bc37400000] [id=11628]
  0x00000295d2618800 GCTaskThread "GC Thread#3" [stack: 0x000000bc37400000,0x000000bc37500000] [id=27212]
  0x00000295d1f3c000 GCTaskThread "GC Thread#4" [stack: 0x000000bc37500000,0x000000bc37600000] [id=15524]
  0x00000295d2477000 GCTaskThread "GC Thread#5" [stack: 0x000000bc37600000,0x000000bc37700000] [id=39332]
  0x00000295d3c14000 GCTaskThread "GC Thread#6" [stack: 0x000000bc38300000,0x000000bc38400000] [id=34784]
  0x00000295d36c2800 GCTaskThread "GC Thread#7" [stack: 0x000000bc38400000,0x000000bc38500000] [id=34628]
  0x00000295b61e3000 ConcurrentGCThread "G1 Main Marker" [stack: 0x000000bc36200000,0x000000bc36300000] [id=33000]
  0x00000295b61e4800 ConcurrentGCThread "G1 Conc#0" [stack: 0x000000bc36300000,0x000000bc36400000] [id=31628]
  0x00000295d2008800 ConcurrentGCThread "G1 Conc#1" [stack: 0x000000bc38500000,0x000000bc38600000] [id=38176]
  0x00000295b627d800 ConcurrentGCThread "G1 Refine#0" [stack: 0x000000bc36400000,0x000000bc36500000] [id=15292]
  0x00000295d6ff8000 ConcurrentGCThread "G1 Refine#1" [stack: 0x000000bc3ac00000,0x000000bc3ad00000] [id=17588]
  0x00000295d6ff8800 ConcurrentGCThread "G1 Refine#2" [stack: 0x000000bc3ad00000,0x000000bc3ae00000] [id=14980]
  0x00000295d6ff9800 ConcurrentGCThread "G1 Refine#3" [stack: 0x000000bc3ae00000,0x000000bc3af00000] [id=32032]
  0x00000295d6ff6000 ConcurrentGCThread "G1 Refine#4" [stack: 0x000000bc3af00000,0x000000bc3b000000] [id=26204]
  0x00000295d6ffa000 ConcurrentGCThread "G1 Refine#5" [stack: 0x000000bc3b000000,0x000000bc3b100000] [id=38564]
  0x00000295d6ffb000 ConcurrentGCThread "G1 Refine#6" [stack: 0x000000bc3b100000,0x000000bc3b200000] [id=33956]
  0x00000295d0cb6800 ConcurrentGCThread "G1 Young RemSet Sampling" [stack: 0x000000bc36500000,0x000000bc36600000] [id=3268]

Threads with active compile tasks:
C2 CompilerThread0  27406 14503 %     4       com.android.tools.r8.ir.regalloc.a::a @ 1542 (1824 bytes)
C1 CompilerThread0  27406 14613       3       com.android.tools.r8.internal.E7::a (679 bytes)
C2 CompilerThread1  27406 14543 %     4       com.android.tools.r8.internal.Le::a @ 797 (3140 bytes)
C2 CompilerThread2  27406 14444       4       com.android.tools.r8.ir.regalloc.a::a (3985 bytes)

VM state:not at safepoint (normal execution)

VM Mutex/Monitor currently owned by a thread: None

Heap address: 0x0000000080000000, size: 2048 MB, Compressed Oops mode: 32-bit
Narrow klass base: 0x0000000000000000, Narrow klass shift: 3
Compressed class space size: 1073741824 Address: 0x0000000100000000

Heap:
 garbage-first heap   total 310272K, used 221560K [0x0000000080000000, 0x0000000100000000)
  region size 1024K, 83 young (84992K), 4 survivors (4096K)
 Metaspace       used 100805K, capacity 103235K, committed 103800K, reserved 1138688K
  class space    used 13082K, capacity 13973K, committed 14200K, reserved 1048576K
Heap Regions: E=young(eden), S=young(survivor), O=old, HS=humongous(starts), HC=humongous(continues), CS=collection set, F=free, A=archive, TAMS=top-at-mark-start (previous, next)
|   0|0x0000000080000000, 0x0000000080100000, 0x0000000080100000|100%| O|  |TAMS 0x0000000080100000, 0x0000000080000000| Untracked 
|   1|0x0000000080100000, 0x0000000080200000, 0x0000000080200000|100%| O|  |TAMS 0x0000000080200000, 0x0000000080100000| Untracked 
|   2|0x0000000080200000, 0x0000000080300000, 0x0000000080300000|100%| O|  |TAMS 0x0000000080300000, 0x0000000080200000| Untracked 
|   3|0x0000000080300000, 0x0000000080400000, 0x0000000080400000|100%|HS|  |TAMS 0x0000000080400000, 0x0000000080300000| Complete 
|   4|0x0000000080400000, 0x0000000080500000, 0x0000000080500000|100%|HC|  |TAMS 0x0000000080500000, 0x0000000080400000| Complete 
|   5|0x0000000080500000, 0x0000000080600000, 0x0000000080600000|100%|HC|  |TAMS 0x0000000080600000, 0x0000000080500000| Complete 
|   6|0x0000000080600000, 0x0000000080700000, 0x0000000080700000|100%| O|  |TAMS 0x0000000080700000, 0x0000000080600000| Untracked 
|   7|0x0000000080700000, 0x0000000080800000, 0x0000000080800000|100%| O|  |TAMS 0x0000000080800000, 0x0000000080700000| Untracked 
|   8|0x0000000080800000, 0x0000000080900000, 0x0000000080900000|100%| O|  |TAMS 0x0000000080900000, 0x0000000080800000| Untracked 
|   9|0x0000000080900000, 0x0000000080a00000, 0x0000000080a00000|100%| O|  |TAMS 0x0000000080a00000, 0x0000000080900000| Untracked 
|  10|0x0000000080a00000, 0x0000000080b00000, 0x0000000080b00000|100%| O|  |TAMS 0x0000000080b00000, 0x0000000080a00000| Untracked 
|  11|0x0000000080b00000, 0x0000000080c00000, 0x0000000080c00000|100%| O|  |TAMS 0x0000000080c00000, 0x0000000080b00000| Untracked 
|  12|0x0000000080c00000, 0x0000000080d00000, 0x0000000080d00000|100%| O|  |TAMS 0x0000000080d00000, 0x0000000080c00000| Untracked 
|  13|0x0000000080d00000, 0x0000000080e00000, 0x0000000080e00000|100%| O|  |TAMS 0x0000000080e00000, 0x0000000080d00000| Untracked 
|  14|0x0000000080e00000, 0x0000000080f00000, 0x0000000080f00000|100%| O|  |TAMS 0x0000000080f00000, 0x0000000080e00000| Untracked 
|  15|0x0000000080f00000, 0x0000000081000000, 0x0000000081000000|100%| O|  |TAMS 0x0000000081000000, 0x0000000080f00000| Untracked 
|  16|0x0000000081000000, 0x0000000081100000, 0x0000000081100000|100%| O|  |TAMS 0x0000000081100000, 0x0000000081000000| Untracked 
|  17|0x0000000081100000, 0x0000000081200000, 0x0000000081200000|100%|HS|  |TAMS 0x0000000081200000, 0x0000000081100000| Complete 
|  18|0x0000000081200000, 0x0000000081300000, 0x0000000081300000|100%|HS|  |TAMS 0x0000000081300000, 0x0000000081200000| Complete 
|  19|0x0000000081300000, 0x0000000081400000, 0x0000000081400000|100%|HS|  |TAMS 0x0000000081400000, 0x0000000081300000| Complete 
|  20|0x0000000081400000, 0x0000000081500000, 0x0000000081500000|100%|HS|  |TAMS 0x0000000081500000, 0x0000000081400000| Complete 
|  21|0x0000000081500000, 0x0000000081600000, 0x0000000081600000|100%|HC|  |TAMS 0x0000000081600000, 0x0000000081500000| Complete 
|  22|0x0000000081600000, 0x0000000081700000, 0x0000000081700000|100%|HC|  |TAMS 0x0000000081700000, 0x0000000081600000| Complete 
|  23|0x0000000081700000, 0x0000000081800000, 0x0000000081800000|100%|HS|  |TAMS 0x0000000081800000, 0x0000000081700000| Complete 
|  24|0x0000000081800000, 0x0000000081900000, 0x0000000081900000|100%|HC|  |TAMS 0x0000000081900000, 0x0000000081800000| Complete 
|  25|0x0000000081900000, 0x0000000081a00000, 0x0000000081a00000|100%| O|  |TAMS 0x0000000081a00000, 0x0000000081900000| Untracked 
|  26|0x0000000081a00000, 0x0000000081b00000, 0x0000000081b00000|100%| O|  |TAMS 0x0000000081b00000, 0x0000000081a00000| Untracked 
|  27|0x0000000081b00000, 0x0000000081c00000, 0x0000000081c00000|100%| O|  |TAMS 0x0000000081c00000, 0x0000000081b00000| Untracked 
|  28|0x0000000081c00000, 0x0000000081d00000, 0x0000000081d00000|100%| O|  |TAMS 0x0000000081d00000, 0x0000000081c00000| Untracked 
|  29|0x0000000081d00000, 0x0000000081e00000, 0x0000000081e00000|100%| O|  |TAMS 0x0000000081e00000, 0x0000000081d00000| Untracked 
|  30|0x0000000081e00000, 0x0000000081f00000, 0x0000000081f00000|100%| O|  |TAMS 0x0000000081f00000, 0x0000000081e00000| Untracked 
|  31|0x0000000081f00000, 0x0000000082000000, 0x0000000082000000|100%| O|  |TAMS 0x0000000082000000, 0x0000000081f00000| Untracked 
|  32|0x0000000082000000, 0x0000000082100000, 0x0000000082100000|100%| O|  |TAMS 0x0000000082100000, 0x0000000082000000| Untracked 
|  33|0x0000000082100000, 0x0000000082200000, 0x0000000082200000|100%| O|  |TAMS 0x0000000082200000, 0x0000000082100000| Untracked 
|  34|0x0000000082200000, 0x0000000082300000, 0x0000000082300000|100%| O|  |TAMS 0x0000000082300000, 0x0000000082200000| Untracked 
|  35|0x0000000082300000, 0x0000000082400000, 0x0000000082400000|100%| O|  |TAMS 0x0000000082400000, 0x0000000082300000| Untracked 
|  36|0x0000000082400000, 0x0000000082500000, 0x0000000082500000|100%| O|  |TAMS 0x0000000082500000, 0x0000000082400000| Untracked 
|  37|0x0000000082500000, 0x0000000082600000, 0x0000000082600000|100%| O|  |TAMS 0x0000000082600000, 0x0000000082500000| Untracked 
|  38|0x0000000082600000, 0x0000000082700000, 0x0000000082700000|100%| O|  |TAMS 0x0000000082700000, 0x0000000082600000| Untracked 
|  39|0x0000000082700000, 0x0000000082800000, 0x0000000082800000|100%| O|  |TAMS 0x0000000082800000, 0x0000000082700000| Untracked 
|  40|0x0000000082800000, 0x0000000082900000, 0x0000000082900000|100%| O|  |TAMS 0x0000000082900000, 0x0000000082800000| Untracked 
|  41|0x0000000082900000, 0x0000000082a00000, 0x0000000082a00000|100%| O|  |TAMS 0x0000000082a00000, 0x0000000082900000| Untracked 
|  42|0x0000000082a00000, 0x0000000082b00000, 0x0000000082b00000|100%| O|  |TAMS 0x0000000082b00000, 0x0000000082a00000| Untracked 
|  43|0x0000000082b00000, 0x0000000082c00000, 0x0000000082c00000|100%| O|  |TAMS 0x0000000082c00000, 0x0000000082b00000| Untracked 
|  44|0x0000000082c00000, 0x0000000082d00000, 0x0000000082d00000|100%| O|  |TAMS 0x0000000082d00000, 0x0000000082c00000| Untracked 
|  45|0x0000000082d00000, 0x0000000082e00000, 0x0000000082e00000|100%| O|  |TAMS 0x0000000082e00000, 0x0000000082d00000| Untracked 
|  46|0x0000000082e00000, 0x0000000082f00000, 0x0000000082f00000|100%| O|  |TAMS 0x0000000082f00000, 0x0000000082e00000| Untracked 
|  47|0x0000000082f00000, 0x0000000083000000, 0x0000000083000000|100%| O|  |TAMS 0x0000000083000000, 0x0000000082f00000| Untracked 
|  48|0x0000000083000000, 0x0000000083100000, 0x0000000083100000|100%| O|  |TAMS 0x0000000083100000, 0x0000000083000000| Untracked 
|  49|0x0000000083100000, 0x0000000083200000, 0x0000000083200000|100%| O|  |TAMS 0x0000000083200000, 0x0000000083100000| Untracked 
|  50|0x0000000083200000, 0x0000000083300000, 0x0000000083300000|100%| O|  |TAMS 0x0000000083300000, 0x0000000083200000| Untracked 
|  51|0x0000000083300000, 0x0000000083400000, 0x0000000083400000|100%| O|  |TAMS 0x0000000083400000, 0x0000000083300000| Untracked 
|  52|0x0000000083400000, 0x0000000083500000, 0x0000000083500000|100%| O|  |TAMS 0x0000000083500000, 0x0000000083400000| Untracked 
|  53|0x0000000083500000, 0x0000000083600000, 0x0000000083600000|100%| O|  |TAMS 0x0000000083600000, 0x0000000083500000| Untracked 
|  54|0x0000000083600000, 0x0000000083700000, 0x0000000083700000|100%| O|  |TAMS 0x0000000083700000, 0x0000000083600000| Untracked 
|  55|0x0000000083700000, 0x0000000083800000, 0x0000000083800000|100%| O|  |TAMS 0x0000000083800000, 0x0000000083700000| Untracked 
|  56|0x0000000083800000, 0x0000000083900000, 0x0000000083900000|100%| O|  |TAMS 0x0000000083900000, 0x0000000083800000| Untracked 
|  57|0x0000000083900000, 0x0000000083a00000, 0x0000000083a00000|100%| O|  |TAMS 0x0000000083a00000, 0x0000000083900000| Untracked 
|  58|0x0000000083a00000, 0x0000000083b00000, 0x0000000083b00000|100%| O|  |TAMS 0x0000000083b00000, 0x0000000083a00000| Untracked 
|  59|0x0000000083b00000, 0x0000000083c00000, 0x0000000083c00000|100%| O|  |TAMS 0x0000000083c00000, 0x0000000083b00000| Untracked 
|  60|0x0000000083c00000, 0x0000000083d00000, 0x0000000083d00000|100%| O|  |TAMS 0x0000000083d00000, 0x0000000083c00000| Untracked 
|  61|0x0000000083d00000, 0x0000000083e00000, 0x0000000083e00000|100%| O|  |TAMS 0x0000000083e00000, 0x0000000083d00000| Untracked 
|  62|0x0000000083e00000, 0x0000000083f00000, 0x0000000083f00000|100%| O|  |TAMS 0x0000000083f00000, 0x0000000083e00000| Untracked 
|  63|0x0000000083f00000, 0x0000000084000000, 0x0000000084000000|100%| O|  |TAMS 0x0000000084000000, 0x0000000083f00000| Untracked 
|  64|0x0000000084000000, 0x0000000084100000, 0x0000000084100000|100%| O|  |TAMS 0x0000000084100000, 0x0000000084000000| Untracked 
|  65|0x0000000084100000, 0x0000000084200000, 0x0000000084200000|100%| O|  |TAMS 0x0000000084200000, 0x0000000084100000| Untracked 
|  66|0x0000000084200000, 0x0000000084300000, 0x0000000084300000|100%| O|  |TAMS 0x0000000084300000, 0x0000000084200000| Untracked 
|  67|0x0000000084300000, 0x0000000084400000, 0x0000000084400000|100%| O|  |TAMS 0x0000000084400000, 0x0000000084300000| Untracked 
|  68|0x0000000084400000, 0x0000000084500000, 0x0000000084500000|100%|HS|  |TAMS 0x0000000084500000, 0x0000000084400000| Complete 
|  69|0x0000000084500000, 0x0000000084600000, 0x0000000084600000|100%| O|  |TAMS 0x0000000084600000, 0x0000000084500000| Untracked 
|  70|0x0000000084600000, 0x0000000084700000, 0x0000000084700000|100%| O|  |TAMS 0x0000000084700000, 0x0000000084600000| Untracked 
|  71|0x0000000084700000, 0x0000000084800000, 0x0000000084800000|100%| O|  |TAMS 0x0000000084800000, 0x0000000084700000| Untracked 
|  72|0x0000000084800000, 0x0000000084900000, 0x0000000084900000|100%| O|  |TAMS 0x0000000084900000, 0x0000000084800000| Untracked 
|  73|0x0000000084900000, 0x0000000084a00000, 0x0000000084a00000|100%| O|  |TAMS 0x0000000084a00000, 0x0000000084900000| Untracked 
|  74|0x0000000084a00000, 0x0000000084b00000, 0x0000000084b00000|100%| O|  |TAMS 0x0000000084b00000, 0x0000000084a00000| Untracked 
|  75|0x0000000084b00000, 0x0000000084c00000, 0x0000000084c00000|100%| O|  |TAMS 0x0000000084c00000, 0x0000000084b00000| Untracked 
|  76|0x0000000084c00000, 0x0000000084d00000, 0x0000000084d00000|100%| O|  |TAMS 0x0000000084d00000, 0x0000000084c00000| Untracked 
|  77|0x0000000084d00000, 0x0000000084e00000, 0x0000000084e00000|100%| O|  |TAMS 0x0000000084e00000, 0x0000000084d00000| Untracked 
|  78|0x0000000084e00000, 0x0000000084f00000, 0x0000000084f00000|100%| O|  |TAMS 0x0000000084f00000, 0x0000000084e00000| Untracked 
|  79|0x0000000084f00000, 0x0000000085000000, 0x0000000085000000|100%| O|  |TAMS 0x0000000085000000, 0x0000000084f00000| Untracked 
|  80|0x0000000085000000, 0x0000000085100000, 0x0000000085100000|100%| O|  |TAMS 0x0000000085100000, 0x0000000085000000| Untracked 
|  81|0x0000000085100000, 0x0000000085200000, 0x0000000085200000|100%| O|  |TAMS 0x0000000085200000, 0x0000000085100000| Untracked 
|  82|0x0000000085200000, 0x0000000085300000, 0x0000000085300000|100%| O|  |TAMS 0x0000000085300000, 0x0000000085200000| Untracked 
|  83|0x0000000085300000, 0x0000000085400000, 0x0000000085400000|100%| O|  |TAMS 0x0000000085400000, 0x0000000085300000| Untracked 
|  84|0x0000000085400000, 0x0000000085500000, 0x0000000085500000|100%| O|  |TAMS 0x0000000085500000, 0x0000000085400000| Untracked 
|  85|0x0000000085500000, 0x0000000085600000, 0x0000000085600000|100%| O|  |TAMS 0x0000000085600000, 0x0000000085500000| Untracked 
|  86|0x0000000085600000, 0x0000000085700000, 0x0000000085700000|100%| O|  |TAMS 0x0000000085700000, 0x0000000085600000| Untracked 
|  87|0x0000000085700000, 0x0000000085800000, 0x0000000085800000|100%| O|  |TAMS 0x0000000085800000, 0x0000000085700000| Untracked 
|  88|0x0000000085800000, 0x0000000085900000, 0x0000000085900000|100%| O|  |TAMS 0x0000000085900000, 0x0000000085800000| Untracked 
|  89|0x0000000085900000, 0x0000000085a00000, 0x0000000085a00000|100%| O|  |TAMS 0x0000000085a00000, 0x0000000085900000| Untracked 
|  90|0x0000000085a00000, 0x0000000085b00000, 0x0000000085b00000|100%| O|  |TAMS 0x0000000085b00000, 0x0000000085a00000| Untracked 
|  91|0x0000000085b00000, 0x0000000085c00000, 0x0000000085c00000|100%| O|  |TAMS 0x0000000085c00000, 0x0000000085b00000| Untracked 
|  92|0x0000000085c00000, 0x0000000085d00000, 0x0000000085d00000|100%| O|  |TAMS 0x0000000085d00000, 0x0000000085c00000| Untracked 
|  93|0x0000000085d00000, 0x0000000085e00000, 0x0000000085e00000|100%| O|  |TAMS 0x0000000085e00000, 0x0000000085d00000| Untracked 
|  94|0x0000000085e00000, 0x0000000085f00000, 0x0000000085f00000|100%| O|  |TAMS 0x0000000085f00000, 0x0000000085e00000| Untracked 
|  95|0x0000000085f00000, 0x0000000086000000, 0x0000000086000000|100%| O|  |TAMS 0x0000000086000000, 0x0000000085f00000| Untracked 
|  96|0x0000000086000000, 0x0000000086100000, 0x0000000086100000|100%| O|  |TAMS 0x0000000086100000, 0x0000000086000000| Untracked 
|  97|0x0000000086100000, 0x0000000086200000, 0x0000000086200000|100%| O|  |TAMS 0x0000000086200000, 0x0000000086100000| Untracked 
|  98|0x0000000086200000, 0x0000000086300000, 0x0000000086300000|100%| O|  |TAMS 0x0000000086300000, 0x0000000086200000| Untracked 
|  99|0x0000000086300000, 0x0000000086400000, 0x0000000086400000|100%| O|  |TAMS 0x0000000086400000, 0x0000000086300000| Untracked 
| 100|0x0000000086400000, 0x0000000086500000, 0x0000000086500000|100%| O|  |TAMS 0x0000000086500000, 0x0000000086400000| Untracked 
| 101|0x0000000086500000, 0x0000000086600000, 0x0000000086600000|100%| O|  |TAMS 0x0000000086600000, 0x0000000086500000| Untracked 
| 102|0x0000000086600000, 0x0000000086700000, 0x0000000086700000|100%| O|  |TAMS 0x0000000086700000, 0x0000000086600000| Untracked 
| 103|0x0000000086700000, 0x0000000086800000, 0x0000000086800000|100%| O|  |TAMS 0x0000000086800000, 0x0000000086700000| Untracked 
| 104|0x0000000086800000, 0x0000000086900000, 0x0000000086900000|100%| O|  |TAMS 0x0000000086900000, 0x0000000086800000| Untracked 
| 105|0x0000000086900000, 0x0000000086a00000, 0x0000000086a00000|100%| O|  |TAMS 0x0000000086a00000, 0x0000000086900000| Untracked 
| 106|0x0000000086a00000, 0x0000000086b00000, 0x0000000086b00000|100%| O|  |TAMS 0x0000000086b00000, 0x0000000086a00000| Untracked 
| 107|0x0000000086b00000, 0x0000000086c00000, 0x0000000086c00000|100%| O|  |TAMS 0x0000000086c00000, 0x0000000086b00000| Untracked 
| 108|0x0000000086c00000, 0x0000000086c00000, 0x0000000086d00000|  0%| F|  |TAMS 0x0000000086c00000, 0x0000000086c00000| Untracked 
| 109|0x0000000086d00000, 0x0000000086e00000, 0x0000000086e00000|100%| O|  |TAMS 0x0000000086e00000, 0x0000000086d00000| Untracked 
| 110|0x0000000086e00000, 0x0000000086f00000, 0x0000000086f00000|100%| O|  |TAMS 0x0000000086f00000, 0x0000000086e00000| Untracked 
| 111|0x0000000086f00000, 0x0000000087000000, 0x0000000087000000|100%| O|  |TAMS 0x0000000087000000, 0x0000000086f00000| Untracked 
| 112|0x0000000087000000, 0x0000000087100000, 0x0000000087100000|100%| O|  |TAMS 0x0000000087100000, 0x0000000087000000| Untracked 
| 113|0x0000000087100000, 0x0000000087200000, 0x0000000087200000|100%| O|  |TAMS 0x0000000087200000, 0x0000000087100000| Untracked 
| 114|0x0000000087200000, 0x0000000087300000, 0x0000000087300000|100%| O|  |TAMS 0x0000000087300000, 0x0000000087200000| Untracked 
| 115|0x0000000087300000, 0x0000000087400000, 0x0000000087400000|100%| O|  |TAMS 0x0000000087400000, 0x0000000087300000| Untracked 
| 116|0x0000000087400000, 0x0000000087500000, 0x0000000087500000|100%| O|  |TAMS 0x0000000087500000, 0x0000000087400000| Untracked 
| 117|0x0000000087500000, 0x0000000087600000, 0x0000000087600000|100%| O|  |TAMS 0x0000000087600000, 0x0000000087500000| Untracked 
| 118|0x0000000087600000, 0x0000000087700000, 0x0000000087700000|100%| O|  |TAMS 0x0000000087700000, 0x0000000087600000| Untracked 
| 119|0x0000000087700000, 0x0000000087800000, 0x0000000087800000|100%| O|  |TAMS 0x0000000087800000, 0x0000000087700000| Untracked 
| 120|0x0000000087800000, 0x0000000087900000, 0x0000000087900000|100%| O|  |TAMS 0x0000000087900000, 0x0000000087800000| Untracked 
| 121|0x0000000087900000, 0x0000000087a00000, 0x0000000087a00000|100%| O|  |TAMS 0x0000000087a00000, 0x0000000087900000| Untracked 
| 122|0x0000000087a00000, 0x0000000087b00000, 0x0000000087b00000|100%| O|  |TAMS 0x0000000087b00000, 0x0000000087a00000| Untracked 
| 123|0x0000000087b00000, 0x0000000087c00000, 0x0000000087c00000|100%| O|  |TAMS 0x0000000087c00000, 0x0000000087b00000| Untracked 
| 124|0x0000000087c00000, 0x0000000087d00000, 0x0000000087d00000|100%| O|  |TAMS 0x0000000087d00000, 0x0000000087c00000| Untracked 
| 125|0x0000000087d00000, 0x0000000087e00000, 0x0000000087e00000|100%| O|  |TAMS 0x0000000087e00000, 0x0000000087d00000| Untracked 
| 126|0x0000000087e00000, 0x0000000087f00000, 0x0000000087f00000|100%| O|  |TAMS 0x0000000087f00000, 0x0000000087e00000| Untracked 
| 127|0x0000000087f00000, 0x0000000088000000, 0x0000000088000000|100%| O|  |TAMS 0x0000000088000000, 0x0000000087f00000| Untracked 
| 128|0x0000000088000000, 0x0000000088100000, 0x0000000088100000|100%| O|  |TAMS 0x0000000088100000, 0x0000000088000000| Untracked 
| 129|0x0000000088100000, 0x0000000088200000, 0x0000000088200000|100%| O|  |TAMS 0x0000000088200000, 0x0000000088100000| Untracked 
| 130|0x0000000088200000, 0x0000000088300000, 0x0000000088300000|100%| O|  |TAMS 0x0000000088300000, 0x0000000088200000| Untracked 
| 131|0x0000000088300000, 0x0000000088400000, 0x0000000088400000|100%| O|  |TAMS 0x0000000088400000, 0x0000000088300000| Untracked 
| 132|0x0000000088400000, 0x0000000088500000, 0x0000000088500000|100%| O|  |TAMS 0x0000000088500000, 0x0000000088400000| Untracked 
| 133|0x0000000088500000, 0x0000000088600000, 0x0000000088600000|100%| O|  |TAMS 0x0000000088600000, 0x0000000088500000| Untracked 
| 134|0x0000000088600000, 0x0000000088700000, 0x0000000088700000|100%| O|  |TAMS 0x0000000088700000, 0x0000000088600000| Untracked 
| 135|0x0000000088700000, 0x00000000887a5800, 0x0000000088800000| 64%| O|  |TAMS 0x00000000887a5800, 0x0000000088700000| Untracked 
| 136|0x0000000088800000, 0x0000000088800000, 0x0000000088900000|  0%| F|  |TAMS 0x0000000088800000, 0x0000000088800000| Untracked 
| 137|0x0000000088900000, 0x0000000088900000, 0x0000000088a00000|  0%| F|  |TAMS 0x0000000088900000, 0x0000000088900000| Untracked 
| 138|0x0000000088a00000, 0x0000000088a00000, 0x0000000088b00000|  0%| F|  |TAMS 0x0000000088a00000, 0x0000000088a00000| Untracked 
| 139|0x0000000088b00000, 0x0000000088b00000, 0x0000000088c00000|  0%| F|  |TAMS 0x0000000088b00000, 0x0000000088b00000| Untracked 
| 140|0x0000000088c00000, 0x0000000088c00000, 0x0000000088d00000|  0%| F|  |TAMS 0x0000000088c00000, 0x0000000088c00000| Untracked 
| 141|0x0000000088d00000, 0x0000000088d00000, 0x0000000088e00000|  0%| F|  |TAMS 0x0000000088d00000, 0x0000000088d00000| Untracked 
| 142|0x0000000088e00000, 0x0000000088e00000, 0x0000000088f00000|  0%| F|  |TAMS 0x0000000088e00000, 0x0000000088e00000| Untracked 
| 143|0x0000000088f00000, 0x0000000088f00000, 0x0000000089000000|  0%| F|  |TAMS 0x0000000088f00000, 0x0000000088f00000| Untracked 
| 144|0x0000000089000000, 0x0000000089000000, 0x0000000089100000|  0%| F|  |TAMS 0x0000000089000000, 0x0000000089000000| Untracked 
| 145|0x0000000089100000, 0x0000000089100000, 0x0000000089200000|  0%| F|  |TAMS 0x0000000089100000, 0x0000000089100000| Untracked 
| 146|0x0000000089200000, 0x0000000089200000, 0x0000000089300000|  0%| F|  |TAMS 0x0000000089200000, 0x0000000089200000| Untracked 
| 147|0x0000000089300000, 0x0000000089300000, 0x0000000089400000|  0%| F|  |TAMS 0x0000000089300000, 0x0000000089300000| Untracked 
| 148|0x0000000089400000, 0x0000000089400000, 0x0000000089500000|  0%| F|  |TAMS 0x0000000089400000, 0x0000000089400000| Untracked 
| 149|0x0000000089500000, 0x0000000089500000, 0x0000000089600000|  0%| F|  |TAMS 0x0000000089500000, 0x0000000089500000| Untracked 
| 150|0x0000000089600000, 0x0000000089600000, 0x0000000089700000|  0%| F|  |TAMS 0x0000000089600000, 0x0000000089600000| Untracked 
| 151|0x0000000089700000, 0x0000000089700000, 0x0000000089800000|  0%| F|  |TAMS 0x0000000089700000, 0x0000000089700000| Untracked 
| 152|0x0000000089800000, 0x0000000089800000, 0x0000000089900000|  0%| F|  |TAMS 0x0000000089800000, 0x0000000089800000| Untracked 
| 153|0x0000000089900000, 0x0000000089900000, 0x0000000089a00000|  0%| F|  |TAMS 0x0000000089900000, 0x0000000089900000| Untracked 
| 154|0x0000000089a00000, 0x0000000089a00000, 0x0000000089b00000|  0%| F|  |TAMS 0x0000000089a00000, 0x0000000089a00000| Untracked 
| 155|0x0000000089b00000, 0x0000000089b00000, 0x0000000089c00000|  0%| F|  |TAMS 0x0000000089b00000, 0x0000000089b00000| Untracked 
| 156|0x0000000089c00000, 0x0000000089c00000, 0x0000000089d00000|  0%| F|  |TAMS 0x0000000089c00000, 0x0000000089c00000| Untracked 
| 157|0x0000000089d00000, 0x0000000089d00000, 0x0000000089e00000|  0%| F|  |TAMS 0x0000000089d00000, 0x0000000089d00000| Untracked 
| 158|0x0000000089e00000, 0x0000000089e00000, 0x0000000089f00000|  0%| F|  |TAMS 0x0000000089e00000, 0x0000000089e00000| Untracked 
| 159|0x0000000089f00000, 0x0000000089f00000, 0x000000008a000000|  0%| F|  |TAMS 0x0000000089f00000, 0x0000000089f00000| Untracked 
| 160|0x000000008a000000, 0x000000008a000000, 0x000000008a100000|  0%| F|  |TAMS 0x000000008a000000, 0x000000008a000000| Untracked 
| 161|0x000000008a100000, 0x000000008a100000, 0x000000008a200000|  0%| F|  |TAMS 0x000000008a100000, 0x000000008a100000| Untracked 
| 162|0x000000008a200000, 0x000000008a200000, 0x000000008a300000|  0%| F|  |TAMS 0x000000008a200000, 0x000000008a200000| Untracked 
| 163|0x000000008a300000, 0x000000008a300000, 0x000000008a400000|  0%| F|  |TAMS 0x000000008a300000, 0x000000008a300000| Untracked 
| 164|0x000000008a400000, 0x000000008a400000, 0x000000008a500000|  0%| F|  |TAMS 0x000000008a400000, 0x000000008a400000| Untracked 
| 165|0x000000008a500000, 0x000000008a500000, 0x000000008a600000|  0%| F|  |TAMS 0x000000008a500000, 0x000000008a500000| Untracked 
| 166|0x000000008a600000, 0x000000008a600000, 0x000000008a700000|  0%| F|  |TAMS 0x000000008a600000, 0x000000008a600000| Untracked 
| 167|0x000000008a700000, 0x000000008a700000, 0x000000008a800000|  0%| F|  |TAMS 0x000000008a700000, 0x000000008a700000| Untracked 
| 168|0x000000008a800000, 0x000000008a800000, 0x000000008a900000|  0%| F|  |TAMS 0x000000008a800000, 0x000000008a800000| Untracked 
| 169|0x000000008a900000, 0x000000008a900000, 0x000000008aa00000|  0%| F|  |TAMS 0x000000008a900000, 0x000000008a900000| Untracked 
| 170|0x000000008aa00000, 0x000000008aa00000, 0x000000008ab00000|  0%| F|  |TAMS 0x000000008aa00000, 0x000000008aa00000| Untracked 
| 171|0x000000008ab00000, 0x000000008ab00000, 0x000000008ac00000|  0%| F|  |TAMS 0x000000008ab00000, 0x000000008ab00000| Untracked 
| 172|0x000000008ac00000, 0x000000008ac00000, 0x000000008ad00000|  0%| F|  |TAMS 0x000000008ac00000, 0x000000008ac00000| Untracked 
| 173|0x000000008ad00000, 0x000000008ad00000, 0x000000008ae00000|  0%| F|  |TAMS 0x000000008ad00000, 0x000000008ad00000| Untracked 
| 174|0x000000008ae00000, 0x000000008ae00000, 0x000000008af00000|  0%| F|  |TAMS 0x000000008ae00000, 0x000000008ae00000| Untracked 
| 175|0x000000008af00000, 0x000000008af00000, 0x000000008b000000|  0%| F|  |TAMS 0x000000008af00000, 0x000000008af00000| Untracked 
| 176|0x000000008b000000, 0x000000008b000000, 0x000000008b100000|  0%| F|  |TAMS 0x000000008b000000, 0x000000008b000000| Untracked 
| 177|0x000000008b100000, 0x000000008b100000, 0x000000008b200000|  0%| F|  |TAMS 0x000000008b100000, 0x000000008b100000| Untracked 
| 178|0x000000008b200000, 0x000000008b200000, 0x000000008b300000|  0%| F|  |TAMS 0x000000008b200000, 0x000000008b200000| Untracked 
| 179|0x000000008b300000, 0x000000008b300000, 0x000000008b400000|  0%| F|  |TAMS 0x000000008b300000, 0x000000008b300000| Untracked 
| 180|0x000000008b400000, 0x000000008b4b8970, 0x000000008b500000| 72%| S|CS|TAMS 0x000000008b400000, 0x000000008b400000| Complete 
| 181|0x000000008b500000, 0x000000008b600000, 0x000000008b600000|100%| S|CS|TAMS 0x000000008b500000, 0x000000008b500000| Complete 
| 182|0x000000008b600000, 0x000000008b700000, 0x000000008b700000|100%| S|CS|TAMS 0x000000008b600000, 0x000000008b600000| Complete 
| 183|0x000000008b700000, 0x000000008b800000, 0x000000008b800000|100%| S|CS|TAMS 0x000000008b700000, 0x000000008b700000| Complete 
| 184|0x000000008b800000, 0x000000008b800000, 0x000000008b900000|  0%| F|  |TAMS 0x000000008b800000, 0x000000008b800000| Untracked 
| 185|0x000000008b900000, 0x000000008b900000, 0x000000008ba00000|  0%| F|  |TAMS 0x000000008b900000, 0x000000008b900000| Untracked 
| 186|0x000000008ba00000, 0x000000008ba00000, 0x000000008bb00000|  0%| F|  |TAMS 0x000000008ba00000, 0x000000008ba00000| Untracked 
| 187|0x000000008bb00000, 0x000000008bb00000, 0x000000008bc00000|  0%| F|  |TAMS 0x000000008bb00000, 0x000000008bb00000| Untracked 
| 188|0x000000008bc00000, 0x000000008bc00000, 0x000000008bd00000|  0%| F|  |TAMS 0x000000008bc00000, 0x000000008bc00000| Untracked 
| 189|0x000000008bd00000, 0x000000008bd00000, 0x000000008be00000|  0%| F|  |TAMS 0x000000008bd00000, 0x000000008bd00000| Untracked 
| 190|0x000000008be00000, 0x000000008be00000, 0x000000008bf00000|  0%| F|  |TAMS 0x000000008be00000, 0x000000008be00000| Untracked 
| 191|0x000000008bf00000, 0x000000008bf00000, 0x000000008c000000|  0%| F|  |TAMS 0x000000008bf00000, 0x000000008bf00000| Untracked 
| 192|0x000000008c000000, 0x000000008c000000, 0x000000008c100000|  0%| F|  |TAMS 0x000000008c000000, 0x000000008c000000| Untracked 
| 193|0x000000008c100000, 0x000000008c100000, 0x000000008c200000|  0%| F|  |TAMS 0x000000008c100000, 0x000000008c100000| Untracked 
| 194|0x000000008c200000, 0x000000008c200000, 0x000000008c300000|  0%| F|  |TAMS 0x000000008c200000, 0x000000008c200000| Untracked 
| 195|0x000000008c300000, 0x000000008c300000, 0x000000008c400000|  0%| F|  |TAMS 0x000000008c300000, 0x000000008c300000| Untracked 
| 196|0x000000008c400000, 0x000000008c400000, 0x000000008c500000|  0%| F|  |TAMS 0x000000008c400000, 0x000000008c400000| Untracked 
| 197|0x000000008c500000, 0x000000008c500000, 0x000000008c600000|  0%| F|  |TAMS 0x000000008c500000, 0x000000008c500000| Untracked 
| 198|0x000000008c600000, 0x000000008c600000, 0x000000008c700000|  0%| F|  |TAMS 0x000000008c600000, 0x000000008c600000| Untracked 
| 199|0x000000008c700000, 0x000000008c700000, 0x000000008c800000|  0%| F|  |TAMS 0x000000008c700000, 0x000000008c700000| Untracked 
| 200|0x000000008c800000, 0x000000008c800000, 0x000000008c900000|  0%| F|  |TAMS 0x000000008c800000, 0x000000008c800000| Untracked 
| 201|0x000000008c900000, 0x000000008c900000, 0x000000008ca00000|  0%| F|  |TAMS 0x000000008c900000, 0x000000008c900000| Untracked 
| 202|0x000000008ca00000, 0x000000008ca00000, 0x000000008cb00000|  0%| F|  |TAMS 0x000000008ca00000, 0x000000008ca00000| Untracked 
| 203|0x000000008cb00000, 0x000000008cb00000, 0x000000008cc00000|  0%| F|  |TAMS 0x000000008cb00000, 0x000000008cb00000| Untracked 
| 204|0x000000008cc00000, 0x000000008cc00000, 0x000000008cd00000|  0%| F|  |TAMS 0x000000008cc00000, 0x000000008cc00000| Untracked 
| 205|0x000000008cd00000, 0x000000008cd00000, 0x000000008ce00000|  0%| F|  |TAMS 0x000000008cd00000, 0x000000008cd00000| Untracked 
| 206|0x000000008ce00000, 0x000000008ce00000, 0x000000008cf00000|  0%| F|  |TAMS 0x000000008ce00000, 0x000000008ce00000| Untracked 
| 207|0x000000008cf00000, 0x000000008cf00000, 0x000000008d000000|  0%| F|  |TAMS 0x000000008cf00000, 0x000000008cf00000| Untracked 
| 208|0x000000008d000000, 0x000000008d000000, 0x000000008d100000|  0%| F|  |TAMS 0x000000008d000000, 0x000000008d000000| Untracked 
| 209|0x000000008d100000, 0x000000008d100000, 0x000000008d200000|  0%| F|  |TAMS 0x000000008d100000, 0x000000008d100000| Untracked 
| 210|0x000000008d200000, 0x000000008d200000, 0x000000008d300000|  0%| F|  |TAMS 0x000000008d200000, 0x000000008d200000| Untracked 
| 211|0x000000008d300000, 0x000000008d300000, 0x000000008d400000|  0%| F|  |TAMS 0x000000008d300000, 0x000000008d300000| Untracked 
| 212|0x000000008d400000, 0x000000008d400000, 0x000000008d500000|  0%| F|  |TAMS 0x000000008d400000, 0x000000008d400000| Untracked 
| 213|0x000000008d500000, 0x000000008d500000, 0x000000008d600000|  0%| F|  |TAMS 0x000000008d500000, 0x000000008d500000| Untracked 
| 214|0x000000008d600000, 0x000000008d600000, 0x000000008d700000|  0%| F|  |TAMS 0x000000008d600000, 0x000000008d600000| Untracked 
| 215|0x000000008d700000, 0x000000008d700000, 0x000000008d800000|  0%| F|  |TAMS 0x000000008d700000, 0x000000008d700000| Untracked 
| 216|0x000000008d800000, 0x000000008d800000, 0x000000008d900000|  0%| F|  |TAMS 0x000000008d800000, 0x000000008d800000| Untracked 
| 217|0x000000008d900000, 0x000000008d900000, 0x000000008da00000|  0%| F|  |TAMS 0x000000008d900000, 0x000000008d900000| Untracked 
| 218|0x000000008da00000, 0x000000008da00000, 0x000000008db00000|  0%| F|  |TAMS 0x000000008da00000, 0x000000008da00000| Untracked 
| 219|0x000000008db00000, 0x000000008db00000, 0x000000008dc00000|  0%| F|  |TAMS 0x000000008db00000, 0x000000008db00000| Untracked 
| 220|0x000000008dc00000, 0x000000008dc00000, 0x000000008dd00000|  0%| F|  |TAMS 0x000000008dc00000, 0x000000008dc00000| Untracked 
| 221|0x000000008dd00000, 0x000000008dd80800, 0x000000008de00000| 50%| E|  |TAMS 0x000000008dd00000, 0x000000008dd00000| Complete 
| 222|0x000000008de00000, 0x000000008df00000, 0x000000008df00000|100%| E|CS|TAMS 0x000000008de00000, 0x000000008de00000| Complete 
| 223|0x000000008df00000, 0x000000008e000000, 0x000000008e000000|100%| E|CS|TAMS 0x000000008df00000, 0x000000008df00000| Complete 
| 224|0x000000008e000000, 0x000000008e100000, 0x000000008e100000|100%| E|CS|TAMS 0x000000008e000000, 0x000000008e000000| Complete 
| 225|0x000000008e100000, 0x000000008e200000, 0x000000008e200000|100%| E|CS|TAMS 0x000000008e100000, 0x000000008e100000| Complete 
| 226|0x000000008e200000, 0x000000008e300000, 0x000000008e300000|100%| E|CS|TAMS 0x000000008e200000, 0x000000008e200000| Complete 
| 227|0x000000008e300000, 0x000000008e400000, 0x000000008e400000|100%| E|CS|TAMS 0x000000008e300000, 0x000000008e300000| Complete 
| 228|0x000000008e400000, 0x000000008e500000, 0x000000008e500000|100%| E|CS|TAMS 0x000000008e400000, 0x000000008e400000| Complete 
| 229|0x000000008e500000, 0x000000008e600000, 0x000000008e600000|100%| E|CS|TAMS 0x000000008e500000, 0x000000008e500000| Complete 
| 230|0x000000008e600000, 0x000000008e700000, 0x000000008e700000|100%| E|CS|TAMS 0x000000008e600000, 0x000000008e600000| Complete 
| 231|0x000000008e700000, 0x000000008e800000, 0x000000008e800000|100%| E|CS|TAMS 0x000000008e700000, 0x000000008e700000| Complete 
| 232|0x000000008e800000, 0x000000008e900000, 0x000000008e900000|100%| E|CS|TAMS 0x000000008e800000, 0x000000008e800000| Complete 
| 233|0x000000008e900000, 0x000000008ea00000, 0x000000008ea00000|100%| E|CS|TAMS 0x000000008e900000, 0x000000008e900000| Complete 
| 234|0x000000008ea00000, 0x000000008eb00000, 0x000000008eb00000|100%| E|CS|TAMS 0x000000008ea00000, 0x000000008ea00000| Complete 
| 235|0x000000008eb00000, 0x000000008ec00000, 0x000000008ec00000|100%| E|CS|TAMS 0x000000008eb00000, 0x000000008eb00000| Complete 
| 236|0x000000008ec00000, 0x000000008ed00000, 0x000000008ed00000|100%| E|CS|TAMS 0x000000008ec00000, 0x000000008ec00000| Complete 
| 237|0x000000008ed00000, 0x000000008ee00000, 0x000000008ee00000|100%| E|CS|TAMS 0x000000008ed00000, 0x000000008ed00000| Complete 
| 238|0x000000008ee00000, 0x000000008ef00000, 0x000000008ef00000|100%| E|CS|TAMS 0x000000008ee00000, 0x000000008ee00000| Complete 
| 239|0x000000008ef00000, 0x000000008f000000, 0x000000008f000000|100%| E|CS|TAMS 0x000000008ef00000, 0x000000008ef00000| Complete 
| 240|0x000000008f000000, 0x000000008f100000, 0x000000008f100000|100%| E|CS|TAMS 0x000000008f000000, 0x000000008f000000| Complete 
| 241|0x000000008f100000, 0x000000008f200000, 0x000000008f200000|100%| E|CS|TAMS 0x000000008f100000, 0x000000008f100000| Complete 
| 242|0x000000008f200000, 0x000000008f300000, 0x000000008f300000|100%| E|CS|TAMS 0x000000008f200000, 0x000000008f200000| Complete 
| 243|0x000000008f300000, 0x000000008f400000, 0x000000008f400000|100%| E|CS|TAMS 0x000000008f300000, 0x000000008f300000| Complete 
| 244|0x000000008f400000, 0x000000008f500000, 0x000000008f500000|100%| E|CS|TAMS 0x000000008f400000, 0x000000008f400000| Complete 
| 245|0x000000008f500000, 0x000000008f600000, 0x000000008f600000|100%| E|CS|TAMS 0x000000008f500000, 0x000000008f500000| Complete 
| 246|0x000000008f600000, 0x000000008f700000, 0x000000008f700000|100%| E|CS|TAMS 0x000000008f600000, 0x000000008f600000| Complete 
| 247|0x000000008f700000, 0x000000008f800000, 0x000000008f800000|100%| E|CS|TAMS 0x000000008f700000, 0x000000008f700000| Complete 
| 248|0x000000008f800000, 0x000000008f900000, 0x000000008f900000|100%| E|CS|TAMS 0x000000008f800000, 0x000000008f800000| Complete 
| 249|0x000000008f900000, 0x000000008fa00000, 0x000000008fa00000|100%| E|CS|TAMS 0x000000008f900000, 0x000000008f900000| Complete 
| 250|0x000000008fa00000, 0x000000008fb00000, 0x000000008fb00000|100%| E|CS|TAMS 0x000000008fa00000, 0x000000008fa00000| Complete 
| 251|0x000000008fb00000, 0x000000008fc00000, 0x000000008fc00000|100%| E|CS|TAMS 0x000000008fb00000, 0x000000008fb00000| Complete 
| 252|0x000000008fc00000, 0x000000008fd00000, 0x000000008fd00000|100%| E|CS|TAMS 0x000000008fc00000, 0x000000008fc00000| Complete 
| 253|0x000000008fd00000, 0x000000008fe00000, 0x000000008fe00000|100%| E|CS|TAMS 0x000000008fd00000, 0x000000008fd00000| Complete 
| 254|0x000000008fe00000, 0x000000008ff00000, 0x000000008ff00000|100%| E|CS|TAMS 0x000000008fe00000, 0x000000008fe00000| Complete 
| 255|0x000000008ff00000, 0x0000000090000000, 0x0000000090000000|100%| E|CS|TAMS 0x000000008ff00000, 0x000000008ff00000| Complete 
| 256|0x0000000090000000, 0x0000000090100000, 0x0000000090100000|100%| E|CS|TAMS 0x0000000090000000, 0x0000000090000000| Complete 
| 257|0x0000000090100000, 0x0000000090200000, 0x0000000090200000|100%| E|CS|TAMS 0x0000000090100000, 0x0000000090100000| Complete 
| 258|0x0000000090200000, 0x0000000090300000, 0x0000000090300000|100%| E|CS|TAMS 0x0000000090200000, 0x0000000090200000| Complete 
| 259|0x0000000090300000, 0x0000000090400000, 0x0000000090400000|100%| E|CS|TAMS 0x0000000090300000, 0x0000000090300000| Complete 
| 260|0x0000000090400000, 0x0000000090500000, 0x0000000090500000|100%| E|CS|TAMS 0x0000000090400000, 0x0000000090400000| Complete 
| 261|0x0000000090500000, 0x0000000090600000, 0x0000000090600000|100%| E|CS|TAMS 0x0000000090500000, 0x0000000090500000| Complete 
| 262|0x0000000090600000, 0x0000000090700000, 0x0000000090700000|100%| E|CS|TAMS 0x0000000090600000, 0x0000000090600000| Complete 
| 263|0x0000000090700000, 0x0000000090800000, 0x0000000090800000|100%| E|CS|TAMS 0x0000000090700000, 0x0000000090700000| Complete 
| 264|0x0000000090800000, 0x0000000090900000, 0x0000000090900000|100%| E|CS|TAMS 0x0000000090800000, 0x0000000090800000| Complete 
| 265|0x0000000090900000, 0x0000000090a00000, 0x0000000090a00000|100%| E|CS|TAMS 0x0000000090900000, 0x0000000090900000| Complete 
| 266|0x0000000090a00000, 0x0000000090b00000, 0x0000000090b00000|100%| E|CS|TAMS 0x0000000090a00000, 0x0000000090a00000| Complete 
| 267|0x0000000090b00000, 0x0000000090c00000, 0x0000000090c00000|100%| E|CS|TAMS 0x0000000090b00000, 0x0000000090b00000| Complete 
| 268|0x0000000090c00000, 0x0000000090d00000, 0x0000000090d00000|100%| E|CS|TAMS 0x0000000090c00000, 0x0000000090c00000| Complete 
| 269|0x0000000090d00000, 0x0000000090e00000, 0x0000000090e00000|100%| E|CS|TAMS 0x0000000090d00000, 0x0000000090d00000| Complete 
| 270|0x0000000090e00000, 0x0000000090f00000, 0x0000000090f00000|100%| E|CS|TAMS 0x0000000090e00000, 0x0000000090e00000| Complete 
| 271|0x0000000090f00000, 0x0000000091000000, 0x0000000091000000|100%| E|CS|TAMS 0x0000000090f00000, 0x0000000090f00000| Complete 
| 272|0x0000000091000000, 0x0000000091100000, 0x0000000091100000|100%| E|CS|TAMS 0x0000000091000000, 0x0000000091000000| Complete 
| 273|0x0000000091100000, 0x0000000091200000, 0x0000000091200000|100%| E|CS|TAMS 0x0000000091100000, 0x0000000091100000| Complete 
| 274|0x0000000091200000, 0x0000000091300000, 0x0000000091300000|100%| E|CS|TAMS 0x0000000091200000, 0x0000000091200000| Complete 
| 275|0x0000000091300000, 0x0000000091400000, 0x0000000091400000|100%| E|CS|TAMS 0x0000000091300000, 0x0000000091300000| Complete 
| 276|0x0000000091400000, 0x0000000091500000, 0x0000000091500000|100%| E|CS|TAMS 0x0000000091400000, 0x0000000091400000| Complete 
| 277|0x0000000091500000, 0x0000000091600000, 0x0000000091600000|100%| E|CS|TAMS 0x0000000091500000, 0x0000000091500000| Complete 
| 278|0x0000000091600000, 0x0000000091700000, 0x0000000091700000|100%| E|CS|TAMS 0x0000000091600000, 0x0000000091600000| Complete 
| 279|0x0000000091700000, 0x0000000091800000, 0x0000000091800000|100%| E|CS|TAMS 0x0000000091700000, 0x0000000091700000| Complete 
| 280|0x0000000091800000, 0x0000000091900000, 0x0000000091900000|100%| E|CS|TAMS 0x0000000091800000, 0x0000000091800000| Complete 
| 281|0x0000000091900000, 0x0000000091a00000, 0x0000000091a00000|100%| E|CS|TAMS 0x0000000091900000, 0x0000000091900000| Complete 
| 282|0x0000000091a00000, 0x0000000091b00000, 0x0000000091b00000|100%| E|CS|TAMS 0x0000000091a00000, 0x0000000091a00000| Complete 
| 283|0x0000000091b00000, 0x0000000091c00000, 0x0000000091c00000|100%| E|CS|TAMS 0x0000000091b00000, 0x0000000091b00000| Complete 
| 284|0x0000000091c00000, 0x0000000091d00000, 0x0000000091d00000|100%| E|CS|TAMS 0x0000000091c00000, 0x0000000091c00000| Complete 
| 285|0x0000000091d00000, 0x0000000091e00000, 0x0000000091e00000|100%| E|CS|TAMS 0x0000000091d00000, 0x0000000091d00000| Complete 
| 286|0x0000000091e00000, 0x0000000091f00000, 0x0000000091f00000|100%| E|CS|TAMS 0x0000000091e00000, 0x0000000091e00000| Complete 
| 287|0x0000000091f00000, 0x0000000092000000, 0x0000000092000000|100%| E|CS|TAMS 0x0000000091f00000, 0x0000000091f00000| Complete 
| 288|0x0000000092000000, 0x0000000092100000, 0x0000000092100000|100%| E|CS|TAMS 0x0000000092000000, 0x0000000092000000| Complete 
| 289|0x0000000092100000, 0x0000000092200000, 0x0000000092200000|100%| E|CS|TAMS 0x0000000092100000, 0x0000000092100000| Complete 
| 290|0x0000000092200000, 0x0000000092300000, 0x0000000092300000|100%| E|CS|TAMS 0x0000000092200000, 0x0000000092200000| Complete 
| 291|0x0000000092300000, 0x0000000092400000, 0x0000000092400000|100%| E|CS|TAMS 0x0000000092300000, 0x0000000092300000| Complete 
| 292|0x0000000092400000, 0x0000000092500000, 0x0000000092500000|100%| E|CS|TAMS 0x0000000092400000, 0x0000000092400000| Complete 
| 293|0x0000000092500000, 0x0000000092600000, 0x0000000092600000|100%| E|CS|TAMS 0x0000000092500000, 0x0000000092500000| Complete 
| 294|0x0000000092600000, 0x0000000092700000, 0x0000000092700000|100%| E|CS|TAMS 0x0000000092600000, 0x0000000092600000| Complete 
| 295|0x0000000092700000, 0x0000000092800000, 0x0000000092800000|100%| E|CS|TAMS 0x0000000092700000, 0x0000000092700000| Complete 
| 296|0x0000000092800000, 0x0000000092900000, 0x0000000092900000|100%| E|CS|TAMS 0x0000000092800000, 0x0000000092800000| Complete 
| 297|0x0000000092900000, 0x0000000092a00000, 0x0000000092a00000|100%| E|CS|TAMS 0x0000000092900000, 0x0000000092900000| Complete 
| 298|0x0000000092a00000, 0x0000000092b00000, 0x0000000092b00000|100%| E|CS|TAMS 0x0000000092a00000, 0x0000000092a00000| Complete 
| 299|0x0000000092b00000, 0x0000000092c00000, 0x0000000092c00000|100%| E|CS|TAMS 0x0000000092b00000, 0x0000000092b00000| Complete 
| 300|0x0000000092c00000, 0x0000000092d00000, 0x0000000092d00000|100%| E|CS|TAMS 0x0000000092c00000, 0x0000000092c00000| Complete 
| 301|0x0000000092d00000, 0x0000000092e00000, 0x0000000092e00000|100%| E|CS|TAMS 0x0000000092d00000, 0x0000000092d00000| Complete 
| 302|0x0000000092e00000, 0x0000000092f00000, 0x0000000092f00000|100%| E|CS|TAMS 0x0000000092e00000, 0x0000000092e00000| Complete 

Card table byte_map: [0x00000295c9b20000,0x00000295c9f20000] _byte_map_base: 0x00000295c9720000

Marking Bits (Prev, Next): (CMBitMap*) 0x00000295b61da4c0, (CMBitMap*) 0x00000295b61da488
 Prev Bits: [0x00000295cc320000, 0x00000295ce320000)
 Next Bits: [0x00000295ca320000, 0x00000295cc320000)

Polling page: 0x00000295b48c0000

Metaspace:

Usage:
  Non-class:     87.17 MB capacity,    85.67 MB ( 98%) used,     1.22 MB (  1%) free+waste,   292.50 KB ( <1%) overhead. 
      Class:     13.65 MB capacity,    12.78 MB ( 94%) used,   758.13 KB (  5%) free+waste,   129.56 KB ( <1%) overhead. 
       Both:    100.82 MB capacity,    98.45 MB ( 98%) used,     1.96 MB (  2%) free+waste,   422.06 KB ( <1%) overhead. 

Virtual space:
  Non-class space:       88.00 MB reserved,      87.50 MB (>99%) committed 
      Class space:        1.00 GB reserved,      13.87 MB (  1%) committed 
             Both:        1.09 GB reserved,     101.37 MB (  9%) committed 

Chunk freelists:
   Non-Class:  338.00 KB
       Class:  203.00 KB
        Both:  541.00 KB

MaxMetaspaceSize: 17179869184.00 GB
CompressedClassSpaceSize: 1.00 GB

CodeHeap 'non-profiled nmethods': size=120000Kb used=9316Kb max_used=9316Kb free=110683Kb
 bounds [0x00000295c1760000, 0x00000295c2080000, 0x00000295c8c90000]
CodeHeap 'profiled nmethods': size=120000Kb used=34790Kb max_used=34790Kb free=85209Kb
 bounds [0x00000295ba230000, 0x00000295bc430000, 0x00000295c1760000]
CodeHeap 'non-nmethods': size=5760Kb used=2311Kb max_used=2377Kb free=3448Kb
 bounds [0x00000295b9c90000, 0x00000295b9f10000, 0x00000295ba230000]
 total_blobs=15350 nmethods=14428 adapters=831
 compilation: enabled
              stopped_count=0, restarted_count=0
 full_count=0

Compilation events (20 events):
Event: 27.055 Thread 0x00000295d4f7c800 nmethod 14592 0x00000295c2077390 code [0x00000295c20775c0, 0x00000295c2078278]
Event: 27.055 Thread 0x00000295d4f7c800 14543 %     4       com.android.tools.r8.internal.Le::a @ 797 (3140 bytes)
Event: 27.197 Thread 0x00000295d16ed800 14600       2       java.util.TimSort::mergeCollapse (134 bytes)
Event: 27.198 Thread 0x00000295d16ed800 nmethod 14600 0x00000295bc416d90 code [0x00000295bc416f60, 0x00000295bc4172a8]
Event: 27.245 Thread 0x00000295d16ed800 14601       1       com.android.tools.r8.internal.da::d (5 bytes)
Event: 27.245 Thread 0x00000295d16ed800 nmethod 14601 0x00000295c2078c10 code [0x00000295c2078dc0, 0x00000295c2078e78]
Event: 27.298 Thread 0x00000295d16ed800 14604       2       com.android.tools.r8.graph.T::a (53 bytes)
Event: 27.300 Thread 0x00000295d16ed800 nmethod 14604 0x00000295bc417510 code [0x00000295bc4177a0, 0x00000295bc4180a8]
Event: 27.300 Thread 0x00000295d16ed800 14605       2       com.android.tools.r8.internal.kA::d (2 bytes)
Event: 27.300 Thread 0x00000295d16ed800 nmethod 14605 0x00000295bc418610 code [0x00000295bc4187c0, 0x00000295bc4188b8]
Event: 27.318 Thread 0x00000295d16ed800 14608       2       com.android.tools.r8.internal.aG::<init> (5 bytes)
Event: 27.319 Thread 0x00000295d16ed800 nmethod 14608 0x00000295bc418990 code [0x00000295bc418b40, 0x00000295bc418c38]
Event: 27.319 Thread 0x00000295d16ed800 14607       2       com.android.tools.r8.internal.kA::<init> (10 bytes)
Event: 27.319 Thread 0x00000295d16ed800 nmethod 14607 0x00000295bc418d10 code [0x00000295bc418ec0, 0x00000295bc418ff8]
Event: 27.328 Thread 0x00000295d16ed800 14609       1       com.android.tools.r8.graph.z::v (5 bytes)
Event: 27.328 Thread 0x00000295d16ed800 nmethod 14609 0x00000295c2078f10 code [0x00000295c20790c0, 0x00000295c2079178]
Event: 27.328 Thread 0x00000295d16ed800 14610       1       com.android.tools.r8.graph.P::h0 (5 bytes)
Event: 27.328 Thread 0x00000295d16ed800 nmethod 14610 0x00000295c2079210 code [0x00000295c20793c0, 0x00000295c2079478]
Event: 27.354 Thread 0x00000295d16ed800 14611 %     3       com.android.tools.r8.internal.W4::c @ 176 (360 bytes)
Event: 27.358 Thread 0x00000295d16ed800 nmethod 14611% 0x00000295bc419090 code [0x00000295bc419720, 0x00000295bc41db08]

GC Heap History (20 events):
Event: 22.370 GC heap before
{Heap before GC invocations=20 (full 0):
 garbage-first heap   total 258048K, used 207424K [0x0000000080000000, 0x0000000100000000)
  region size 1024K, 72 young (73728K), 3 survivors (3072K)
 Metaspace       used 100367K, capacity 102795K, committed 103544K, reserved 1138688K
  class space    used 13062K, capacity 13965K, committed 14200K, reserved 1048576K
}
Event: 22.375 GC heap after
{Heap after GC invocations=21 (full 0):
 garbage-first heap   total 258048K, used 137210K [0x0000000080000000, 0x0000000100000000)
  region size 1024K, 3 young (3072K), 3 survivors (3072K)
 Metaspace       used 100367K, capacity 102795K, committed 103544K, reserved 1138688K
  class space    used 13062K, capacity 13965K, committed 14200K, reserved 1048576K
}
Event: 22.735 GC heap before
{Heap before GC invocations=22 (full 0):
 garbage-first heap   total 258048K, used 210938K [0x0000000080000000, 0x0000000100000000)
  region size 1024K, 75 young (76800K), 3 survivors (3072K)
 Metaspace       used 100442K, capacity 102755K, committed 103544K, reserved 1138688K
  class space    used 13050K, capacity 13925K, committed 14200K, reserved 1048576K
}
Event: 22.740 GC heap after
{Heap after GC invocations=23 (full 0):
 garbage-first heap   total 258048K, used 136989K [0x0000000080000000, 0x0000000100000000)
  region size 1024K, 3 young (3072K), 3 survivors (3072K)
 Metaspace       used 100442K, capacity 102755K, committed 103544K, reserved 1138688K
  class space    used 13050K, capacity 13925K, committed 14200K, reserved 1048576K
}
Event: 23.050 GC heap before
{Heap before GC invocations=23 (full 0):
 garbage-first heap   total 258048K, used 212765K [0x0000000080000000, 0x0000000100000000)
  region size 1024K, 77 young (78848K), 3 survivors (3072K)
 Metaspace       used 100546K, capacity 102925K, committed 103544K, reserved 1138688K
  class space    used 13062K, capacity 13957K, committed 14200K, reserved 1048576K
}
Event: 23.056 GC heap after
{Heap after GC invocations=24 (full 0):
 garbage-first heap   total 258048K, used 138591K [0x0000000080000000, 0x0000000100000000)
  region size 1024K, 4 young (4096K), 4 survivors (4096K)
 Metaspace       used 100546K, capacity 102925K, committed 103544K, reserved 1138688K
  class space    used 13062K, capacity 13957K, committed 14200K, reserved 1048576K
}
Event: 23.319 GC heap before
{Heap before GC invocations=25 (full 0):
 garbage-first heap   total 258048K, used 215391K [0x0000000080000000, 0x0000000100000000)
  region size 1024K, 79 young (80896K), 4 survivors (4096K)
 Metaspace       used 100586K, capacity 102994K, committed 103800K, reserved 1138688K
  class space    used 13063K, capacity 13958K, committed 14200K, reserved 1048576K
}
Event: 23.325 GC heap after
{Heap after GC invocations=26 (full 0):
 garbage-first heap   total 258048K, used 137813K [0x0000000080000000, 0x0000000100000000)
  region size 1024K, 4 young (4096K), 4 survivors (4096K)
 Metaspace       used 100586K, capacity 102994K, committed 103800K, reserved 1138688K
  class space    used 13063K, capacity 13958K, committed 14200K, reserved 1048576K
}
Event: 23.650 GC heap before
{Heap before GC invocations=26 (full 0):
 garbage-first heap   total 258048K, used 216661K [0x0000000080000000, 0x0000000100000000)
  region size 1024K, 81 young (82944K), 4 survivors (4096K)
 Metaspace       used 100632K, capacity 103074K, committed 103800K, reserved 1138688K
  class space    used 13066K, capacity 13963K, committed 14200K, reserved 1048576K
}
Event: 23.657 GC heap after
{Heap after GC invocations=27 (full 0):
 garbage-first heap   total 258048K, used 138737K [0x0000000080000000, 0x0000000100000000)
  region size 1024K, 5 young (5120K), 5 survivors (5120K)
 Metaspace       used 100632K, capacity 103074K, committed 103800K, reserved 1138688K
  class space    used 13066K, capacity 13963K, committed 14200K, reserved 1048576K
}
Event: 24.530 GC heap before
{Heap before GC invocations=28 (full 0):
 garbage-first heap   total 258048K, used 217585K [0x0000000080000000, 0x0000000100000000)
  region size 1024K, 82 young (83968K), 5 survivors (5120K)
 Metaspace       used 100659K, capacity 103081K, committed 103800K, reserved 1138688K
  class space    used 13068K, capacity 13965K, committed 14200K, reserved 1048576K
}
Event: 24.537 GC heap after
{Heap after GC invocations=29 (full 0):
 garbage-first heap   total 258048K, used 139210K [0x0000000080000000, 0x0000000100000000)
  region size 1024K, 5 young (5120K), 5 survivors (5120K)
 Metaspace       used 100659K, capacity 103081K, committed 103800K, reserved 1138688K
  class space    used 13068K, capacity 13965K, committed 14200K, reserved 1048576K
}
Event: 24.566 GC heap before
{Heap before GC invocations=29 (full 0):
 garbage-first heap   total 258048K, used 146378K [0x0000000080000000, 0x0000000100000000)
  region size 1024K, 12 young (12288K), 5 survivors (5120K)
 Metaspace       used 100671K, capacity 103081K, committed 103800K, reserved 1138688K
  class space    used 13068K, capacity 13965K, committed 14200K, reserved 1048576K
}
Event: 24.578 GC heap after
{Heap after GC invocations=30 (full 0):
 garbage-first heap   total 258048K, used 138579K [0x0000000080000000, 0x0000000100000000)
  region size 1024K, 1 young (1024K), 1 survivors (1024K)
 Metaspace       used 100671K, capacity 103081K, committed 103800K, reserved 1138688K
  class space    used 13068K, capacity 13965K, committed 14200K, reserved 1048576K
}
Event: 24.989 GC heap before
{Heap before GC invocations=30 (full 0):
 garbage-first heap   total 258048K, used 219475K [0x0000000080000000, 0x0000000100000000)
  region size 1024K, 80 young (81920K), 1 survivors (1024K)
 Metaspace       used 100706K, capacity 103093K, committed 103800K, reserved 1138688K
  class space    used 13070K, capacity 13969K, committed 14200K, reserved 1048576K
}
Event: 24.997 GC heap after
{Heap after GC invocations=31 (full 0):
 garbage-first heap   total 310272K, used 139264K [0x0000000080000000, 0x0000000100000000)
  region size 1024K, 2 young (2048K), 2 survivors (2048K)
 Metaspace       used 100706K, capacity 103093K, committed 103800K, reserved 1138688K
  class space    used 13070K, capacity 13969K, committed 14200K, reserved 1048576K
}
Event: 25.883 GC heap before
{Heap before GC invocations=32 (full 0):
 garbage-first heap   total 310272K, used 256000K [0x0000000080000000, 0x0000000100000000)
  region size 1024K, 116 young (118784K), 2 survivors (2048K)
 Metaspace       used 100746K, capacity 103170K, committed 103800K, reserved 1138688K
  class space    used 13077K, capacity 13973K, committed 14200K, reserved 1048576K
}
Event: 25.890 GC heap after
{Heap after GC invocations=33 (full 0):
 garbage-first heap   total 310272K, used 140658K [0x0000000080000000, 0x0000000100000000)
  region size 1024K, 3 young (3072K), 3 survivors (3072K)
 Metaspace       used 100746K, capacity 103170K, committed 103800K, reserved 1138688K
  class space    used 13077K, capacity 13973K, committed 14200K, reserved 1048576K
}
Event: 26.819 GC heap before
{Heap before GC invocations=33 (full 0):
 garbage-first heap   total 310272K, used 259442K [0x0000000080000000, 0x0000000100000000)
  region size 1024K, 119 young (121856K), 3 survivors (3072K)
 Metaspace       used 100802K, capacity 103234K, committed 103800K, reserved 1138688K
  class space    used 13082K, capacity 13973K, committed 14200K, reserved 1048576K
}
Event: 26.824 GC heap after
{Heap after GC invocations=34 (full 0):
 garbage-first heap   total 310272K, used 141688K [0x0000000080000000, 0x0000000100000000)
  region size 1024K, 4 young (4096K), 4 survivors (4096K)
 Metaspace       used 100802K, capacity 103234K, committed 103800K, reserved 1138688K
  class space    used 13082K, capacity 13973K, committed 14200K, reserved 1048576K
}

Deoptimization events (20 events):
Event: 25.908 Thread 0x00000295d3e02800 Uncommon trap: trap_request=0xffffffbe fr.pc=0x00000295c2064c38 relative=0x00000000000008f8
Event: 25.908 Thread 0x00000295d3e02800 Uncommon trap: reason=profile_predicate action=maybe_recompile pc=0x00000295c2064c38 method=com.android.tools.r8.ir.regalloc.a.a(ILcom/android/tools/r8/ir/regalloc/c;ZLcom/android/tools/r8/ir/regalloc/c$a;)I @ 12 c2
Event: 25.908 Thread 0x00000295d3e02800 DEOPT PACKING pc=0x00000295c2064c38 sp=0x000000bc397f8fd0
Event: 25.908 Thread 0x00000295d3e02800 DEOPT UNPACKING pc=0x00000295b9cb78af sp=0x000000bc397f8f50 mode 2
Event: 26.154 Thread 0x00000295d3e02800 DEOPT PACKING pc=0x00000295bbe80832 sp=0x000000bc397f9170
Event: 26.154 Thread 0x00000295d3e02800 DEOPT UNPACKING pc=0x00000295b9cb76ce sp=0x000000bc397f8938 mode 0
Event: 26.441 Thread 0x00000295d3e02800 DEOPT PACKING pc=0x00000295bc02f4a5 sp=0x000000bc397f93e0
Event: 26.441 Thread 0x00000295d3e02800 DEOPT UNPACKING pc=0x00000295b9cb76ce sp=0x000000bc397f8900 mode 0
Event: 26.633 Thread 0x00000295d3e05000 DEOPT PACKING pc=0x00000295bbe80832 sp=0x000000bc395f90c0
Event: 26.633 Thread 0x00000295d3e05000 DEOPT UNPACKING pc=0x00000295b9cb76ce sp=0x000000bc395f8888 mode 0
Event: 26.815 Thread 0x00000295d3e05000 Uncommon trap: trap_request=0xffffff4d fr.pc=0x00000295c20540c0 relative=0x0000000000000160
Event: 26.815 Thread 0x00000295d3e05000 Uncommon trap: reason=unstable_if action=reinterpret pc=0x00000295c20540c0 method=com.android.tools.r8.internal.t3.a(Lcom/android/tools/r8/graph/X;)Lcom/android/tools/r8/graph/X; @ 56 c2
Event: 26.815 Thread 0x00000295d3e05000 DEOPT PACKING pc=0x00000295c20540c0 sp=0x000000bc395f9b00
Event: 26.816 Thread 0x00000295d3e05000 DEOPT UNPACKING pc=0x00000295b9cb78af sp=0x000000bc395f9a28 mode 2
Event: 26.887 Thread 0x00000295d3e05000 Uncommon trap: trap_request=0xffffffd6 fr.pc=0x00000295c1fa2cb8 relative=0x00000000000018b8
Event: 26.887 Thread 0x00000295d3e05000 Uncommon trap: reason=array_check action=maybe_recompile pc=0x00000295c1fa2cb8 method=java.util.TimSort.reverseRange([Ljava/lang/Object;II)V @ 27 c2
Event: 26.887 Thread 0x00000295d3e05000 DEOPT PACKING pc=0x00000295c1fa2cb8 sp=0x000000bc395f8ee0
Event: 26.887 Thread 0x00000295d3e05000 DEOPT UNPACKING pc=0x00000295b9cb78af sp=0x000000bc395f8da8 mode 2
Event: 26.942 Thread 0x00000295d3e02800 DEOPT PACKING pc=0x00000295bbe80832 sp=0x000000bc397f9170
Event: 26.942 Thread 0x00000295d3e02800 DEOPT UNPACKING pc=0x00000295b9cb76ce sp=0x000000bc397f8938 mode 0

Classes redefined (0 events):
No events

Internal exceptions (20 events):
Event: 20.280 Thread 0x00000295d3e02800 Exception <a 'java/lang/NoSuchMethodError'{0x000000008c0a8590}: 'void java.lang.invoke.DirectMethodHandle$Holder.invokeStatic(java.lang.Object, java.lang.Object, java.lang.Object, int)'> (0x000000008c0a8590) thrown at [./src/hotspot/share/interpreter/linkResolver.cpp, line 773]
Event: 20.280 Thread 0x00000295d3e05000 Exception <a 'java/lang/NoSuchMethodError'{0x000000008bf206d0}: 'void java.lang.invoke.DirectMethodHandle$Holder.invokeStatic(java.lang.Object, java.lang.Object, java.lang.Object, int)'> (0x000000008bf206d0) thrown at [./src/hotspot/share/interpreter/linkResolver.cpp, line 773]
Event: 20.281 Thread 0x00000295d3e05000 Exception <a 'java/lang/IncompatibleClassChangeError'{0x000000008bf2a308}: Found class java.lang.Object, but interface was expected> (0x000000008bf2a308) thrown at [./src/hotspot/share/interpreter/linkResolver.cpp, line 839]
Event: 20.281 Thread 0x00000295d3e02800 Exception <a 'java/lang/IncompatibleClassChangeError'{0x000000008c0ae7b8}: Found class java.lang.Object, but interface was expected> (0x000000008c0ae7b8) thrown at [./src/hotspot/share/interpreter/linkResolver.cpp, line 839]
Event: 20.285 Thread 0x00000295d3e05000 Exception <a 'java/lang/NoSuchMethodError'{0x000000008bf4e2d0}: 'int java.lang.invoke.DirectMethodHandle$Holder.invokeVirtual(java.lang.Object, java.lang.Object, java.lang.Object)'> (0x000000008bf4e2d0) thrown at [./src/hotspot/share/interpreter/linkResolver.cpp, line 773]
Event: 20.287 Thread 0x00000295d3e05000 Implicit null exception at 0x00000295c1e2a1ac to 0x00000295c1e2bb7c
Event: 20.287 Thread 0x00000295d3e05000 Implicit null exception at 0x00000295c1e2a1ac to 0x00000295c1e2bb7c
Event: 20.615 Thread 0x00000295d3e05000 Exception <a 'java/lang/NoSuchMethodError'{0x000000008db18d10}: 'java.lang.Object java.lang.invoke.DirectMethodHandle$Holder.invokeStatic(java.lang.Object, int, java.lang.Object, java.lang.Object)'> (0x000000008db18d10) thrown at [./src/hotspot/share/interpreter/linkResolver.cpp, line 773]
Event: 20.665 Thread 0x00000295d3e05000 Exception <a 'java/lang/NoSuchMethodError'{0x000000008cf5b050}: 'java.lang.Object java.lang.invoke.Invokers$Holder.linkToTargetMethod(java.lang.Object, java.lang.Object, java.lang.Object, java.lang.Object, java.lang.Object, java.lang.Object, java.lang.Object)'> (0x000000008cf5b050) thrown at [./src/hotspot/share/interpreter/linkResolver.cpp, line 773]
Event: 20.665 Thread 0x00000295d3e02800 Exception <a 'java/lang/NoSuchMethodError'{0x000000008cf81b98}: 'java.lang.Object java.lang.invoke.Invokers$Holder.linkToTargetMethod(java.lang.Object, java.lang.Object, java.lang.Object, java.lang.Object, java.lang.Object, java.lang.Object, java.lang.Object)'> (0x000000008cf81b98) thrown at [./src/hotspot/share/interpreter/linkResolver.cpp, line 773]
Event: 20.718 Thread 0x00000295d3e05000 Exception <a 'java/lang/NoSuchMethodError'{0x000000008cc31970}: 'java.lang.Object java.lang.invoke.DirectMethodHandle$Holder.invokeVirtual(java.lang.Object, java.lang.Object, int, java.lang.Object)'> (0x000000008cc31970) thrown at [./src/hotspot/share/interpreter/linkResolver.cpp, line 773]
Event: 20.718 Thread 0x00000295d3e02800 Exception <a 'java/lang/NoSuchMethodError'{0x000000008cc6ff50}: 'java.lang.Object java.lang.invoke.DirectMethodHandle$Holder.invokeVirtual(java.lang.Object, java.lang.Object, int, java.lang.Object)'> (0x000000008cc6ff50) thrown at [./src/hotspot/share/interpreter/linkResolver.cpp, line 773]
Event: 20.734 Thread 0x00000295d3e02800 Exception <a 'java/lang/IncompatibleClassChangeError'{0x000000008ccaff40}: Found class java.lang.Object, but interface was expected> (0x000000008ccaff40) thrown at [./src/hotspot/share/interpreter/linkResolver.cpp, line 839]
Event: 20.734 Thread 0x00000295d3e02800 Exception <a 'java/lang/IncompatibleClassChangeError'{0x000000008ccba860}: Found class java.lang.Object, but interface was expected> (0x000000008ccba860) thrown at [./src/hotspot/share/interpreter/linkResolver.cpp, line 839]
Event: 20.745 Thread 0x00000295d3e02800 Exception <a 'java/lang/NoSuchMethodError'{0x000000008cbfeb38}: 'void java.lang.invoke.DirectMethodHandle$Holder.invokeVirtual(java.lang.Object, java.lang.Object, int, java.lang.Object)'> (0x000000008cbfeb38) thrown at [./src/hotspot/share/interpreter/linkResolver.cpp, line 773]
Event: 20.801 Thread 0x00000295d3e02800 Exception <a 'java/lang/NoSuchMethodError'{0x000000008c694c70}: 'java.lang.Object java.lang.invoke.DirectMethodHandle$Holder.newInvokeSpecial(java.lang.Object, int)'> (0x000000008c694c70) thrown at [./src/hotspot/share/interpreter/linkResolver.cpp, line 773]
Event: 20.801 Thread 0x00000295d3e05000 Exception <a 'java/lang/NoSuchMethodError'{0x000000008c65c618}: 'java.lang.Object java.lang.invoke.DirectMethodHandle$Holder.newInvokeSpecial(java.lang.Object, int)'> (0x000000008c65c618) thrown at [./src/hotspot/share/interpreter/linkResolver.cpp, line 773]
Event: 21.153 Thread 0x00000295d3e02800 Exception <a 'java/lang/NoSuchMethodError'{0x000000008f360000}: 'java.lang.Object java.lang.invoke.DirectMethodHandle$Holder.invokeInterface(java.lang.Object, java.lang.Object, int)'> (0x000000008f360000) thrown at [./src/hotspot/share/interpreter/linkResolver.cpp, line 773]
Event: 21.225 Thread 0x00000295d3e05000 Implicit null exception at 0x00000295c19093eb to 0x00000295c190940c
Event: 22.699 Thread 0x00000295d3e05000 Exception <a 'java/lang/NoSuchMethodError'{0x000000008bcf5758}: 'int java.lang.invoke.DirectMethodHandle$Holder.invokeInterface(java.lang.Object, java.lang.Object, int)'> (0x000000008bcf5758) thrown at [./src/hotspot/share/interpreter/linkResolver.cpp, line 773]

Events (20 events):
Event: 25.441 loading class com/android/tools/r8/internal/Pr$a
Event: 25.441 loading class com/android/tools/r8/internal/Pr$a done
Event: 25.446 loading class com/android/tools/r8/code/d2
Event: 25.446 loading class com/android/tools/r8/code/d2 done
Event: 25.447 loading class com/android/tools/r8/code/e2
Event: 25.447 loading class com/android/tools/r8/code/e2 done
Event: 25.882 Executing VM operation: G1CollectForAllocation
Event: 25.890 Executing VM operation: G1CollectForAllocation done
Event: 25.911 loading class com/android/tools/r8/code/K2
Event: 25.911 loading class com/android/tools/r8/code/K2 done
Event: 25.912 loading class com/android/tools/r8/code/J2
Event: 25.912 loading class com/android/tools/r8/code/J2 done
Event: 25.914 loading class com/android/tools/r8/internal/st
Event: 25.914 loading class com/android/tools/r8/internal/st done
Event: 26.287 loading class com/android/tools/r8/code/y0
Event: 26.287 loading class com/android/tools/r8/code/y0 done
Event: 26.288 loading class com/android/tools/r8/code/x0
Event: 26.288 loading class com/android/tools/r8/code/x0 done
Event: 26.818 Executing VM operation: G1CollectForAllocation
Event: 26.824 Executing VM operation: G1CollectForAllocation done


Dynamic libraries:
0x00007ff779c70000 - 0x00007ff779c7a000 	C:\Program Files\Android\Android Studio1\jre\bin\java.exe
0x00007ffef6790000 - 0x00007ffef6985000 	C:\Windows\SYSTEM32\ntdll.dll
0x00007ffef4ff0000 - 0x00007ffef50ae000 	C:\Windows\System32\KERNEL32.DLL
0x00007ffef4380000 - 0x00007ffef4648000 	C:\Windows\System32\KERNELBASE.dll
0x00007ffef4030000 - 0x00007ffef4130000 	C:\Windows\System32\ucrtbase.dll
0x00007ffee7f80000 - 0x00007ffee7f99000 	C:\Program Files\Android\Android Studio1\jre\bin\jli.dll
0x00007ffef4e40000 - 0x00007ffef4fe1000 	C:\Windows\System32\USER32.dll
0x00007ffef47b0000 - 0x00007ffef47d2000 	C:\Windows\System32\win32u.dll
0x00007ffef6310000 - 0x00007ffef633b000 	C:\Windows\System32\GDI32.dll
0x00007ffef4130000 - 0x00007ffef423b000 	C:\Windows\System32\gdi32full.dll
0x00007ffef3f90000 - 0x00007ffef402d000 	C:\Windows\System32\msvcp_win.dll
0x00007ffede560000 - 0x00007ffede577000 	C:\Program Files\Android\Android Studio1\jre\bin\VCRUNTIME140.dll
0x00007ffede720000 - 0x00007ffede9ba000 	C:\Windows\WinSxS\amd64_microsoft.windows.common-controls_6595b64144ccf1df_6.0.19041.1110_none_60b5254171f9507e\COMCTL32.dll
0x00007ffef59c0000 - 0x00007ffef5a5e000 	C:\Windows\System32\msvcrt.dll
0x00007ffef5870000 - 0x00007ffef58a0000 	C:\Windows\System32\IMM32.DLL
0x00007ffeccf00000 - 0x00007ffeccf9d000 	C:\Program Files\Android\Android Studio1\jre\bin\msvcp140.dll
0x00007ffe6e440000 - 0x00007ffe6ef0f000 	C:\Program Files\Android\Android Studio1\jre\bin\server\jvm.dll
0x00007ffef58b0000 - 0x00007ffef595c000 	C:\Windows\System32\ADVAPI32.dll
0x00007ffef5c70000 - 0x00007ffef5d0b000 	C:\Windows\System32\sechost.dll
0x00007ffef6170000 - 0x00007ffef629a000 	C:\Windows\System32\RPCRT4.dll
0x00007ffef62a0000 - 0x00007ffef62a8000 	C:\Windows\System32\PSAPI.DLL
0x00007ffed0820000 - 0x00007ffed0829000 	C:\Windows\SYSTEM32\WSOCK32.dll
0x00007ffef5f40000 - 0x00007ffef5fab000 	C:\Windows\System32\WS2_32.dll
0x00007ffedd240000 - 0x00007ffedd267000 	C:\Windows\SYSTEM32\WINMM.dll
0x00007ffee0f60000 - 0x00007ffee0f6a000 	C:\Windows\SYSTEM32\VERSION.dll
0x00007ffef1f90000 - 0x00007ffef1fa2000 	C:\Windows\SYSTEM32\kernel.appcore.dll
0x00007ffeebe50000 - 0x00007ffeebe61000 	C:\Program Files\Android\Android Studio1\jre\bin\verify.dll
0x00007ffef1b20000 - 0x00007ffef1d04000 	C:\Windows\SYSTEM32\DBGHELP.DLL
0x00007ffede210000 - 0x00007ffede23c000 	C:\Windows\SYSTEM32\dbgcore.DLL
0x00007ffef42f0000 - 0x00007ffef4373000 	C:\Windows\System32\bcryptPrimitives.dll
0x00007ffed4530000 - 0x00007ffed4559000 	C:\Program Files\Android\Android Studio1\jre\bin\java.dll
0x00007ffee9570000 - 0x00007ffee957b000 	C:\Program Files\Android\Android Studio1\jre\bin\jimage.dll
0x00007ffede580000 - 0x00007ffede598000 	C:\Program Files\Android\Android Studio1\jre\bin\zip.dll
0x00007ffef5130000 - 0x00007ffef586f000 	C:\Windows\System32\SHELL32.dll
0x00007ffef1fb0000 - 0x00007ffef2740000 	C:\Windows\SYSTEM32\windows.storage.dll
0x00007ffef63f0000 - 0x00007ffef6745000 	C:\Windows\System32\combase.dll
0x00007ffef3900000 - 0x00007ffef392e000 	C:\Windows\SYSTEM32\Wldp.dll
0x00007ffef6340000 - 0x00007ffef63ed000 	C:\Windows\System32\SHCORE.dll
0x00007ffef5b40000 - 0x00007ffef5b95000 	C:\Windows\System32\shlwapi.dll
0x00007ffef3df0000 - 0x00007ffef3e0f000 	C:\Windows\SYSTEM32\profapi.dll
0x00007ffed4510000 - 0x00007ffed452a000 	C:\Program Files\Android\Android Studio1\jre\bin\net.dll
0x00007ffeea970000 - 0x00007ffeeaa7c000 	C:\Windows\SYSTEM32\WINHTTP.dll
0x00007ffef3660000 - 0x00007ffef36ca000 	C:\Windows\system32\mswsock.dll
0x00007ffed44f0000 - 0x00007ffed4504000 	C:\Program Files\Android\Android Studio1\jre\bin\nio.dll
0x00007ffee9510000 - 0x00007ffee9537000 	C:\Users\iesha\.gradle\native\8bec1ad78214c89d9ad589b4d07fe93259594b29d510b10fafb7a158f7737e5d\windows-amd64\native-platform.dll
0x00007ffeccb90000 - 0x00007ffeccccd000 	C:\Users\iesha\.gradle\native\53dbd7edfb1c66fb8903c78663c9afc45aea4f116125fa6feffd364cf09443e8\windows-amd64\native-platform-file-events.dll
0x00007ffee9560000 - 0x00007ffee956a000 	C:\Program Files\Android\Android Studio1\jre\bin\management.dll
0x00007ffed44e0000 - 0x00007ffed44ec000 	C:\Program Files\Android\Android Studio1\jre\bin\management_ext.dll
0x00007ffef3860000 - 0x00007ffef3878000 	C:\Windows\SYSTEM32\CRYPTSP.dll
0x00007ffef2f70000 - 0x00007ffef2fa4000 	C:\Windows\system32\rsaenh.dll
0x00007ffef3f60000 - 0x00007ffef3f87000 	C:\Windows\System32\bcrypt.dll
0x00007ffef3d70000 - 0x00007ffef3d9e000 	C:\Windows\SYSTEM32\USERENV.dll
0x00007ffef3850000 - 0x00007ffef385c000 	C:\Windows\SYSTEM32\CRYPTBASE.dll
0x00007ffef3300000 - 0x00007ffef333b000 	C:\Windows\SYSTEM32\IPHLPAPI.DLL
0x00007ffef6160000 - 0x00007ffef6168000 	C:\Windows\System32\NSI.dll
0x00007ffee7130000 - 0x00007ffee7147000 	C:\Windows\SYSTEM32\dhcpcsvc6.DLL
0x00007ffee72b0000 - 0x00007ffee72cd000 	C:\Windows\SYSTEM32\dhcpcsvc.DLL
0x00007ffef3340000 - 0x00007ffef340b000 	C:\Windows\SYSTEM32\DNSAPI.dll

dbghelp: loaded successfully - version: 4.0.5 - missing functions: none
symbol engine: initialized successfully - sym options: 0x614 - pdb path: .;C:\Program Files\Android\Android Studio1\jre\bin;C:\Windows\SYSTEM32;C:\Windows\WinSxS\amd64_microsoft.windows.common-controls_6595b64144ccf1df_6.0.19041.1110_none_60b5254171f9507e;C:\Program Files\Android\Android Studio1\jre\bin\server;C:\Users\iesha\.gradle\native\8bec1ad78214c89d9ad589b4d07fe93259594b29d510b10fafb7a158f7737e5d\windows-amd64;C:\Users\iesha\.gradle\native\53dbd7edfb1c66fb8903c78663c9afc45aea4f116125fa6feffd364cf09443e8\windows-amd64

VM Arguments:
jvm_args: --add-opens=java.base/java.util=ALL-UNNAMED --add-opens=java.base/java.lang=ALL-UNNAMED --add-opens=java.base/java.lang.invoke=ALL-UNNAMED --add-opens=java.base/java.util=ALL-UNNAMED --add-opens=java.prefs/java.util.prefs=ALL-UNNAMED --add-opens=java.prefs/java.util.prefs=ALL-UNNAMED --add-opens=java.base/java.nio.charset=ALL-UNNAMED --add-opens=java.base/java.net=ALL-UNNAMED --add-opens=java.base/java.util.concurrent.atomic=ALL-UNNAMED -Xmx2048m -Dfile.encoding=UTF-8 -Duser.country=US -Duser.language=en -Duser.variant 
java_command: org.gradle.launcher.daemon.bootstrap.GradleDaemon 7.0.2
java_class_path (initial): C:\Users\iesha\.gradle\wrapper\dists\gradle-7.0.2-bin\857tjihv64xamwrf0h14cai3r\gradle-7.0.2\lib\gradle-launcher-7.0.2.jar
Launcher Type: SUN_STANDARD

[Global flags]
     intx CICompilerCount                          = 4                                         {product} {ergonomic}
     uint ConcGCThreads                            = 2                                         {product} {ergonomic}
     uint G1ConcRefinementThreads                  = 8                                         {product} {ergonomic}
   size_t G1HeapRegionSize                         = 1048576                                   {product} {ergonomic}
    uintx GCDrainStackTargetSize                   = 64                                        {product} {ergonomic}
   size_t InitialHeapSize                          = 264241152                                 {product} {ergonomic}
   size_t MarkStackSize                            = 4194304                                   {product} {ergonomic}
   size_t MaxHeapSize                              = 2147483648                                {product} {command line}
   size_t MaxNewSize                               = 1287651328                                {product} {ergonomic}
   size_t MinHeapDeltaBytes                        = 1048576                                   {product} {ergonomic}
    uintx NonNMethodCodeHeapSize                   = 5836300                                {pd product} {ergonomic}
    uintx NonProfiledCodeHeapSize                  = 122910970                              {pd product} {ergonomic}
    uintx ProfiledCodeHeapSize                     = 122910970                              {pd product} {ergonomic}
    uintx ReservedCodeCacheSize                    = 251658240                              {pd product} {ergonomic}
     bool SegmentedCodeCache                       = true                                      {product} {ergonomic}
     bool UseCompressedClassPointers               = true                                 {lp64_product} {ergonomic}
     bool UseCompressedOops                        = true                                 {lp64_product} {ergonomic}
     bool UseG1GC                                  = true                                      {product} {ergonomic}
     bool UseLargePagesIndividualAllocation        = false                                  {pd product} {ergonomic}

Logging:
Log output configuration:
 #0: stdout all=warning uptime,level,tags
 #1: stderr all=off uptime,level,tags

Environment Variables:
PATH=C:\Program Files (x86)\Common Files\Oracle\Java\javapath;C:\Windows\system32;C:\Windows;C:\Windows\System32\Wbem;C:\Windows\System32\WindowsPowerShell\v1.0\;C:\Windows\System32\OpenSSH\;C:\Program Files\Git\cmd;C:\Users\iesha\AppData\Local\Microsoft\WindowsApps;
USERNAME=iesha
OS=Windows_NT
PROCESSOR_IDENTIFIER=Intel64 Family 6 Model 142 Stepping 12, GenuineIntel



---------------  S Y S T E M  ---------------

OS: Windows 10 , 64 bit Build 19041 (10.0.19041.1348)
OS uptime: 1 days 23:30 hours

CPU:total 8 (initial active 8) (4 cores per cpu, 2 threads per core) family 6 model 142 stepping 12 microcode 0xea, cmov, cx8, fxsr, mmx, sse, sse2, sse3, ssse3, sse4.1, sse4.2, popcnt, avx, avx2, aes, clmul, erms, 3dnowpref, lzcnt, ht, tsc, tscinvbit, bmi1, bmi2, adx, fma

Memory: 4k page, system-wide physical 16102M (466M free)
TotalPageFile size 46467M (AvailPageFile size 4M)
current process WorkingSet (physical memory assigned to process): 705M, peak: 710M
current process commit charge ("private bytes"): 789M, peak: 793M

vm_info: OpenJDK 64-Bit Server VM (11.0.10+0-b96-7249189) for windows-amd64 JRE (11.0.10+0-b96-7249189), built on Mar 31 2021 21:44:00 by "builder" with MS VC++ 14.0 (VS2015)

END.
